#
# There is insufficient memory for the Java Runtime Environment to continue.
# Native memory allocation (malloc) failed to allocate 1844176 bytes for Chunk::new
# Possible reasons:
#   The system is out of physical RAM or swap space
#   The process is running with CompressedOops enabled, and the Java Heap may be blocking the growth of the native heap
# Possible solutions:
#   Reduce memory load on the system
#   Increase physical memory or swap space
#   Check if swap backing store is full
#   Decrease Java heap size (-Xmx/-Xms)
#   Decrease number of Java threads
#   Decrease Java thread stack sizes (-Xss)
#   Set larger code cache with -XX:ReservedCodeCacheSize=
#   JVM is running with Unscaled Compressed Oops mode in which the Java heap is
#     placed in the first 4GB address space. The Java Heap base address is the
#     maximum limit for the native heap growth. Please use -XX:HeapBaseMinAddress
#     to set the Java Heap base and to place the Java Heap above 4GB virtual address.
# This output file may be truncated or incomplete.
#
#  Out of Memory Error (arena.cpp:184), pid=44680, tid=19340
#
# JRE version: OpenJDK Runtime Environment Corretto-19.0.2.7.1 (19.0.2+7) (build 19.0.2+7-FR)
# Java VM: OpenJDK 64-Bit Server VM Corretto-19.0.2.7.1 (19.0.2+7-FR, mixed mode, sharing, tiered, compressed oops, compressed class ptrs, g1 gc, windows-amd64)
# No core dump will be written. Minidumps are not enabled by default on client versions of Windows
#

---------------  S U M M A R Y ------------

Command Line: --add-opens=java.base/java.util=ALL-UNNAMED --add-opens=java.base/java.lang=ALL-UNNAMED --add-opens=java.base/java.lang.invoke=ALL-UNNAMED --add-opens=java.prefs/java.util.prefs=ALL-UNNAMED --add-opens=java.base/java.nio.charset=ALL-UNNAMED --add-opens=java.base/java.net=ALL-UNNAMED --add-opens=java.base/java.util.concurrent.atomic=ALL-UNNAMED -Xmx2048M -Dfile.encoding=windows-1252 -Duser.country=US -Duser.language=en -Duser.variant -javaagent:C:\Users\JavaJumper\.gradle\wrapper\dists\gradle-8.4-bin\1w5dpkrfk8irigvoxmyhowfim\gradle-8.4\lib\agents\gradle-instrumentation-agent-8.4.jar org.gradle.launcher.daemon.bootstrap.GradleDaemon 8.4

Host: AMD Ryzen 9 7845HX with Radeon Graphics        , 24 cores, 15G,  Windows 11 , 64 bit Build 22621 (10.0.22621.3527)
Time: Mon Jun 17 10:52:05 2024 FLE Daylight Time elapsed time: 5.033170 seconds (0d 0h 0m 5s)

---------------  T H R E A D  ---------------

Current thread (0x000001c2966ec5f0):  JavaThread "C2 CompilerThread0" daemon [_thread_in_native, id=19340, stack(0x000000a7b1600000,0x000000a7b1700000)]


Current CompileTask:
C2:   5033 3553       4       java.net.URLClassLoader$1::run (5 bytes)

Stack: [0x000000a7b1600000,0x000000a7b1700000]
Native frames: (J=compiled Java code, j=interpreted, Vv=VM code, C=native code)
V  [jvm.dll+0x6d034a]
V  [jvm.dll+0x880f10]
V  [jvm.dll+0x88289e]
V  [jvm.dll+0x882f43]
V  [jvm.dll+0x27b4bb]
V  [jvm.dll+0xdd792]
V  [jvm.dll+0xddb25]
V  [jvm.dll+0x3b4a21]
V  [jvm.dll+0x37c86a]
V  [jvm.dll+0x37bc5a]
V  [jvm.dll+0x2470ef]
V  [jvm.dll+0x2465a7]
V  [jvm.dll+0x1d4bb7]
V  [jvm.dll+0x25558a]
V  [jvm.dll+0x2538d7]
V  [jvm.dll+0x8342bd]
V  [jvm.dll+0x82e2fa]
V  [jvm.dll+0x6cf0d3]
C  [ucrtbase.dll+0x29333]
C  [KERNEL32.DLL+0x1257d]
C  [ntdll.dll+0x5aa48]


---------------  P R O C E S S  ---------------

Threads class SMR info:
_java_thread_list=0x000001c29e201bc0, length=39, elements={
0x000001c2f6412e40, 0x000001c2966d21a0, 0x000001c2966d3080, 0x000001c2966d7f80,
0x000001c2966d9fb0, 0x000001c2966e4e60, 0x000001c2966e5880, 0x000001c2966ec5f0,
0x000001c2966f0550, 0x000001c2966fbef0, 0x000001c295fca390, 0x000001c296812500,
0x000001c296824040, 0x000001c29683cdb0, 0x000001c2969d15f0, 0x000001c29bd02de0,
0x000001c29c3b6120, 0x000001c29c51e660, 0x000001c29c5d6cc0, 0x000001c29c776460,
0x000001c29c1e9dc0, 0x000001c29c3c0780, 0x000001c29c1fbbb0, 0x000001c29c1fb660,
0x000001c29c1fc100, 0x000001c29c1fc650, 0x000001c29c1fb110, 0x000001c29c1f9bd0,
0x000001c29c1fcba0, 0x000001c29c1fa670, 0x000001c29c1fa120, 0x000001c29cbdfd80,
0x000001c29cbe02d0, 0x000001c29cbda330, 0x000001c29cbdb870, 0x000001c29cbde2f0,
0x000001c29cbda880, 0x000001c29cbe1d60, 0x000001c29cbe0820
}

Java Threads: ( => current thread )
  0x000001c2f6412e40 JavaThread "main" [_thread_blocked, id=5672, stack(0x000000a7b0900000,0x000000a7b0a00000)]
  0x000001c2966d21a0 JavaThread "Reference Handler" daemon [_thread_blocked, id=33656, stack(0x000000a7b1000000,0x000000a7b1100000)]
  0x000001c2966d3080 JavaThread "Finalizer" daemon [_thread_blocked, id=8244, stack(0x000000a7b1100000,0x000000a7b1200000)]
  0x000001c2966d7f80 JavaThread "Signal Dispatcher" daemon [_thread_blocked, id=2196, stack(0x000000a7b1200000,0x000000a7b1300000)]
  0x000001c2966d9fb0 JavaThread "Attach Listener" daemon [_thread_blocked, id=17144, stack(0x000000a7b1300000,0x000000a7b1400000)]
  0x000001c2966e4e60 JavaThread "Service Thread" daemon [_thread_blocked, id=41148, stack(0x000000a7b1400000,0x000000a7b1500000)]
  0x000001c2966e5880 JavaThread "Monitor Deflation Thread" daemon [_thread_blocked, id=19468, stack(0x000000a7b1500000,0x000000a7b1600000)]
=>0x000001c2966ec5f0 JavaThread "C2 CompilerThread0" daemon [_thread_in_native, id=19340, stack(0x000000a7b1600000,0x000000a7b1700000)]
  0x000001c2966f0550 JavaThread "C1 CompilerThread0" daemon [_thread_blocked, id=25688, stack(0x000000a7b1700000,0x000000a7b1800000)]
  0x000001c2966fbef0 JavaThread "Sweeper thread" daemon [_thread_blocked, id=39512, stack(0x000000a7b1800000,0x000000a7b1900000)]
  0x000001c295fca390 JavaThread "Common-Cleaner" daemon [_thread_blocked, id=16420, stack(0x000000a7b1900000,0x000000a7b1a00000)]
  0x000001c296812500 JavaThread "C1 CompilerThread1" daemon [_thread_blocked, id=38052, stack(0x000000a7b1a00000,0x000000a7b1b00000)]
  0x000001c296824040 JavaThread "C1 CompilerThread2" daemon [_thread_blocked, id=19284, stack(0x000000a7b1b00000,0x000000a7b1c00000)]
  0x000001c29683cdb0 JavaThread "C1 CompilerThread3" daemon [_thread_blocked, id=40444, stack(0x000000a7b1c00000,0x000000a7b1d00000)]
  0x000001c2969d15f0 JavaThread "Notification Thread" daemon [_thread_blocked, id=5524, stack(0x000000a7b1e00000,0x000000a7b1f00000)]
  0x000001c29bd02de0 JavaThread "Daemon health stats" [_thread_blocked, id=39728, stack(0x000000a7b2400000,0x000000a7b2500000)]
  0x000001c29c3b6120 JavaThread "Incoming local TCP Connector on port 27580" [_thread_in_native, id=41164, stack(0x000000a7b1d00000,0x000000a7b1e00000)]
  0x000001c29c51e660 JavaThread "Daemon periodic checks" [_thread_blocked, id=40528, stack(0x000000a7b2500000,0x000000a7b2600000)]
  0x000001c29c5d6cc0 JavaThread "Daemon" [_thread_blocked, id=26892, stack(0x000000a7b2600000,0x000000a7b2700000)]
  0x000001c29c776460 JavaThread "Handler for socket connection from /127.0.0.1:27580 to /127.0.0.1:27584" [_thread_in_native, id=30328, stack(0x000000a7b2700000,0x000000a7b2800000)]
  0x000001c29c1e9dc0 JavaThread "Cancel handler" [_thread_blocked, id=21416, stack(0x000000a7b2800000,0x000000a7b2900000)]
  0x000001c29c3c0780 JavaThread "Daemon worker" [_thread_in_vm, id=41724, stack(0x000000a7b2900000,0x000000a7b2a00000)]
  0x000001c29c1fbbb0 JavaThread "Asynchronous log dispatcher for DefaultDaemonConnection: socket connection from /127.0.0.1:27580 to /127.0.0.1:27584" [_thread_blocked, id=29016, stack(0x000000a7b2a00000,0x000000a7b2b00000)]
  0x000001c29c1fb660 JavaThread "Stdin handler" [_thread_blocked, id=15576, stack(0x000000a7b2b00000,0x000000a7b2c00000)]
  0x000001c29c1fc100 JavaThread "Daemon client event forwarder" [_thread_blocked, id=37896, stack(0x000000a7b2c00000,0x000000a7b2d00000)]
  0x000001c29c1fc650 JavaThread "Cache worker for journal cache (C:\Users\JavaJumper\.gradle\caches\journal-1)" [_thread_blocked, id=40452, stack(0x000000a7b2d00000,0x000000a7b2e00000)]
  0x000001c29c1fb110 JavaThread "File lock request listener" [_thread_in_native, id=38380, stack(0x000000a7b2e00000,0x000000a7b2f00000)]
  0x000001c29c1f9bd0 JavaThread "File lock release action executor" [_thread_blocked, id=39020, stack(0x000000a7b2f00000,0x000000a7b3000000)]
  0x000001c29c1fcba0 JavaThread "Cache worker for file hash cache (C:\Users\JavaJumper\.gradle\caches\8.4\fileHashes)" [_thread_blocked, id=7040, stack(0x000000a7b3000000,0x000000a7b3100000)]
  0x000001c29c1fa670 JavaThread "File watcher server" daemon [_thread_in_native, id=31688, stack(0x000000a7b4200000,0x000000a7b4300000)]
  0x000001c29c1fa120 JavaThread "File watcher consumer" daemon [_thread_blocked, id=34448, stack(0x000000a7b4300000,0x000000a7b4400000)]
  0x000001c29cbdfd80 JavaThread "Cache worker for checksums cache (C:\Users\JavaJumper\Documents\GitHub\WilderNature\.gradle\8.4\checksums)" [_thread_blocked, id=45736, stack(0x000000a7b4400000,0x000000a7b4500000)]
  0x000001c29cbe02d0 JavaThread "Cache worker for file hash cache (C:\Users\JavaJumper\Documents\GitHub\WilderNature\.gradle\8.4\fileHashes)" [_thread_blocked, id=19920, stack(0x000000a7b4500000,0x000000a7b4600000)]
  0x000001c29cbda330 JavaThread "Cache worker for cache directory md-supplier (C:\Users\JavaJumper\.gradle\caches\8.4\md-supplier)" [_thread_blocked, id=39352, stack(0x000000a7b4600000,0x000000a7b4700000)]
  0x000001c29cbdb870 JavaThread "Cache worker for file content cache (C:\Users\JavaJumper\.gradle\caches\8.4\fileContent)" [_thread_blocked, id=2532, stack(0x000000a7b4700000,0x000000a7b4800000)]
  0x000001c29cbde2f0 JavaThread "Cache worker for cache directory md-rule (C:\Users\JavaJumper\.gradle\caches\8.4\md-rule)" [_thread_blocked, id=30644, stack(0x000000a7b4800000,0x000000a7b4900000)]
  0x000001c29cbda880 JavaThread "Cache worker for execution history cache (C:\Users\JavaJumper\.gradle\caches\8.4\executionHistory)" [_thread_blocked, id=25012, stack(0x000000a7b4900000,0x000000a7b4a00000)]
  0x000001c29cbe1d60 JavaThread "jar transforms" [_thread_blocked, id=40500, stack(0x000000a7b4a00000,0x000000a7b4b00000)]
  0x000001c29cbe0820 JavaThread "jar transforms Thread 2" [_thread_blocked, id=43880, stack(0x000000a7b4b00000,0x000000a7b4c00000)]

Other Threads:
  0x000001c2f6437040 VMThread "VM Thread" [stack: 0x000000a7b0f00000,0x000000a7b1000000] [id=25240]
  0x000001c2f6413d20 WatcherThread "VM Periodic Task Thread" [stack: 0x000000a7b1f00000,0x000000a7b2000000] [id=19892]
  0x000001c2f6437310 WorkerThread "GC Thread#0" [stack: 0x000000a7b0a00000,0x000000a7b0b00000] [id=36540]
  0x000001c2f6437e50 WorkerThread "GC Thread#1" [stack: 0x000000a7b2000000,0x000000a7b2100000] [id=36940]
  0x000001c2f6438120 WorkerThread "GC Thread#2" [stack: 0x000000a7b2100000,0x000000a7b2200000] [id=39004]
  0x000001c29b631290 WorkerThread "GC Thread#3" [stack: 0x000000a7b2200000,0x000000a7b2300000] [id=30332]
  0x000001c29b633cc0 WorkerThread "GC Thread#4" [stack: 0x000000a7b2300000,0x000000a7b2400000] [id=34304]
  0x000001c29b631560 WorkerThread "GC Thread#5" [stack: 0x000000a7b3100000,0x000000a7b3200000] [id=39000]
  0x000001c29b631dd0 WorkerThread "GC Thread#6" [stack: 0x000000a7b3200000,0x000000a7b3300000] [id=45900]
  0x000001c29b632eb0 WorkerThread "GC Thread#7" [stack: 0x000000a7b3300000,0x000000a7b3400000] [id=44804]
  0x000001c29b633180 WorkerThread "GC Thread#8" [stack: 0x000000a7b3400000,0x000000a7b3500000] [id=29204]
  0x000001c29b633450 WorkerThread "GC Thread#9" [stack: 0x000000a7b3500000,0x000000a7b3600000] [id=35308]
  0x000001c29b633720 WorkerThread "GC Thread#10" [stack: 0x000000a7b3600000,0x000000a7b3700000] [id=30640]
  0x000001c29b634260 WorkerThread "GC Thread#11" [stack: 0x000000a7b3700000,0x000000a7b3800000] [id=34820]
  0x000001c29b6339f0 WorkerThread "GC Thread#12" [stack: 0x000000a7b3800000,0x000000a7b3900000] [id=39076]
  0x000001c29b633f90 WorkerThread "GC Thread#13" [stack: 0x000000a7b3900000,0x000000a7b3a00000] [id=19776]
  0x000001c29b634800 WorkerThread "GC Thread#14" [stack: 0x000000a7b3a00000,0x000000a7b3b00000] [id=37592]
  0x000001c29defd820 WorkerThread "GC Thread#15" [stack: 0x000000a7b3b00000,0x000000a7b3c00000] [id=20080]
  0x000001c29deff170 WorkerThread "GC Thread#16" [stack: 0x000000a7b3c00000,0x000000a7b3d00000] [id=20832]
  0x000001c29df007f0 WorkerThread "GC Thread#17" [stack: 0x000000a7b3d00000,0x000000a7b3e00000] [id=37464]
  0x000001c2f648a920 ConcurrentGCThread "G1 Main Marker" [stack: 0x000000a7b0b00000,0x000000a7b0c00000] [id=13732]
  0x000001c2f6438c60 WorkerThread "G1 Conc#0" [stack: 0x000000a7b0c00000,0x000000a7b0d00000] [id=45604]
  0x000001c29defd550 WorkerThread "G1 Conc#1" [stack: 0x000000a7b3e00000,0x000000a7b3f00000] [id=22572]
  0x000001c29defd280 WorkerThread "G1 Conc#2" [stack: 0x000000a7b3f00000,0x000000a7b4000000] [id=13092]
  0x000001c29defdaf0 WorkerThread "G1 Conc#3" [stack: 0x000000a7b4000000,0x000000a7b4100000] [id=13304]
  0x000001c29deff440 WorkerThread "G1 Conc#4" [stack: 0x000000a7b4100000,0x000000a7b4200000] [id=10492]
  0x000001c295f138a0 ConcurrentGCThread "G1 Refine#0" [stack: 0x000000a7b0d00000,0x000000a7b0e00000] [id=27844]
  0x000001c295f143e0 ConcurrentGCThread "G1 Service" [stack: 0x000000a7b0e00000,0x000000a7b0f00000] [id=18820]

Threads with active compile tasks:
C2 CompilerThread0     5061 3553       4       java.net.URLClassLoader$1::run (5 bytes)

VM state: not at safepoint (normal execution)

VM Mutex/Monitor currently owned by a thread: None

Heap address: 0x0000000080000000, size: 2048 MB, Compressed Oops mode: 32-bit

CDS archive(s) mapped at: [0x0000000800000000-0x0000000800c40000-0x0000000800c40000), size 12845056, SharedBaseAddress: 0x0000000800000000, ArchiveRelocationMode: 0.
Compressed class space mapped at: 0x0000000801000000-0x0000000841000000, reserved size: 1073741824
Narrow klass base: 0x0000000800000000, Narrow klass shift: 0, Narrow klass range: 0x100000000

GC Precious Log:
 CardTable entry size: 512
 Card Set container configuration: InlinePtr #cards 5 size 8 Array Of Cards #cards 12 size 40 Howl #buckets 4 coarsen threshold 1843 Howl Bitmap #cards 512 size 80 coarsen threshold 460 Card regions per heap region 1 cards per card region 2048
 CPUs: 24 total, 24 available
 Memory: 15578M
 Large Page Support: Disabled
 NUMA Support: Disabled
 Compressed Oops: Enabled (32-bit)
 Heap Region Size: 1M
 Heap Min Capacity: 8M
 Heap Initial Capacity: 244M
 Heap Max Capacity: 2G
 Pre-touch: Disabled
 Parallel Workers: 18
 Concurrent Workers: 5
 Concurrent Refinement Workers: 18
 Periodic GC: Disabled

Heap:
 garbage-first heap   total 96256K, used 39494K [0x0000000080000000, 0x0000000100000000)
  region size 1024K, 17 young (17408K), 1 survivors (1024K)
 Metaspace       used 28814K, committed 29888K, reserved 1114112K
  class space    used 4222K, committed 4800K, reserved 1048576K

Heap Regions: E=young(eden), S=young(survivor), O=old, HS=humongous(starts), HC=humongous(continues), CS=collection set, F=free, OA=open archive, CA=closed archive, TAMS=top-at-mark-start (previous, next)
|   0|0x0000000080000000, 0x0000000080100000, 0x0000000080100000|100%|HS|  |TAMS 0x0000000080100000, 0x0000000080000000| Complete 
|   1|0x0000000080100000, 0x0000000080200000, 0x0000000080200000|100%|HC|  |TAMS 0x0000000080200000, 0x0000000080100000| Complete 
|   2|0x0000000080200000, 0x0000000080300000, 0x0000000080300000|100%|HC|  |TAMS 0x0000000080300000, 0x0000000080200000| Complete 
|   3|0x0000000080300000, 0x0000000080400000, 0x0000000080400000|100%|HC|  |TAMS 0x0000000080400000, 0x0000000080300000| Complete 
|   4|0x0000000080400000, 0x0000000080500000, 0x0000000080500000|100%| O|  |TAMS 0x0000000080500000, 0x0000000080400000| Untracked 
|   5|0x0000000080500000, 0x0000000080600000, 0x0000000080600000|100%| O|  |TAMS 0x0000000080600000, 0x0000000080500000| Untracked 
|   6|0x0000000080600000, 0x0000000080700000, 0x0000000080700000|100%| O|  |TAMS 0x0000000080700000, 0x0000000080600000| Untracked 
|   7|0x0000000080700000, 0x0000000080800000, 0x0000000080800000|100%| O|  |TAMS 0x0000000080800000, 0x0000000080700000| Untracked 
|   8|0x0000000080800000, 0x0000000080900000, 0x0000000080900000|100%| O|  |TAMS 0x0000000080800000, 0x0000000080800000| Untracked 
|   9|0x0000000080900000, 0x0000000080a00000, 0x0000000080a00000|100%| O|  |TAMS 0x0000000080a00000, 0x0000000080900000| Untracked 
|  10|0x0000000080a00000, 0x0000000080b00000, 0x0000000080b00000|100%| O|  |TAMS 0x0000000080b00000, 0x0000000080a00000| Untracked 
|  11|0x0000000080b00000, 0x0000000080b00000, 0x0000000080c00000|  0%| F|  |TAMS 0x0000000080b00000, 0x0000000080b00000| Untracked 
|  12|0x0000000080c00000, 0x0000000080d00000, 0x0000000080d00000|100%| O|  |TAMS 0x0000000080c00000, 0x0000000080c00000| Untracked 
|  13|0x0000000080d00000, 0x0000000080e00000, 0x0000000080e00000|100%| O|  |TAMS 0x0000000080d00000, 0x0000000080d00000| Untracked 
|  14|0x0000000080e00000, 0x0000000080f00000, 0x0000000080f00000|100%| O|  |TAMS 0x0000000080e00000, 0x0000000080e00000| Untracked 
|  15|0x0000000080f00000, 0x0000000081000000, 0x0000000081000000|100%| O|  |TAMS 0x0000000080f00000, 0x0000000080f00000| Untracked 
|  16|0x0000000081000000, 0x0000000081100000, 0x0000000081100000|100%| O|  |TAMS 0x0000000081000000, 0x0000000081000000| Untracked 
|  17|0x0000000081100000, 0x0000000081200000, 0x0000000081200000|100%| O|  |TAMS 0x0000000081100000, 0x0000000081100000| Untracked 
|  18|0x0000000081200000, 0x0000000081300000, 0x0000000081300000|100%| O|  |TAMS 0x0000000081200000, 0x0000000081200000| Untracked 
|  19|0x0000000081300000, 0x0000000081400000, 0x0000000081400000|100%| O|  |TAMS 0x0000000081300000, 0x0000000081300000| Untracked 
|  20|0x0000000081400000, 0x0000000081500000, 0x0000000081500000|100%| O|  |TAMS 0x0000000081400000, 0x0000000081400000| Untracked 
|  21|0x0000000081500000, 0x0000000081600000, 0x0000000081600000|100%| O|  |TAMS 0x0000000081500000, 0x0000000081500000| Untracked 
|  22|0x0000000081600000, 0x0000000081700000, 0x0000000081700000|100%| O|  |TAMS 0x0000000081600000, 0x0000000081600000| Untracked 
|  23|0x0000000081700000, 0x0000000081800000, 0x0000000081800000|100%| O|  |TAMS 0x0000000081700000, 0x0000000081700000| Untracked 
|  24|0x0000000081800000, 0x0000000081900000, 0x0000000081900000|100%| O|  |TAMS 0x0000000081800000, 0x0000000081800000| Untracked 
|  25|0x0000000081900000, 0x0000000081920a00, 0x0000000081a00000| 12%| O|  |TAMS 0x0000000081900000, 0x0000000081900000| Untracked 
|  26|0x0000000081a00000, 0x0000000081a00000, 0x0000000081b00000|  0%| F|  |TAMS 0x0000000081a00000, 0x0000000081a00000| Untracked 
|  27|0x0000000081b00000, 0x0000000081b00000, 0x0000000081c00000|  0%| F|  |TAMS 0x0000000081b00000, 0x0000000081b00000| Untracked 
|  28|0x0000000081c00000, 0x0000000081c00000, 0x0000000081d00000|  0%| F|  |TAMS 0x0000000081c00000, 0x0000000081c00000| Untracked 
|  29|0x0000000081d00000, 0x0000000081d00000, 0x0000000081e00000|  0%| F|  |TAMS 0x0000000081d00000, 0x0000000081d00000| Untracked 
|  30|0x0000000081e00000, 0x0000000081e00000, 0x0000000081f00000|  0%| F|  |TAMS 0x0000000081e00000, 0x0000000081e00000| Untracked 
|  31|0x0000000081f00000, 0x0000000081f00000, 0x0000000082000000|  0%| F|  |TAMS 0x0000000081f00000, 0x0000000081f00000| Untracked 
|  32|0x0000000082000000, 0x0000000082000000, 0x0000000082100000|  0%| F|  |TAMS 0x0000000082000000, 0x0000000082000000| Untracked 
|  33|0x0000000082100000, 0x0000000082100000, 0x0000000082200000|  0%| F|  |TAMS 0x0000000082100000, 0x0000000082100000| Untracked 
|  34|0x0000000082200000, 0x0000000082200000, 0x0000000082300000|  0%| F|  |TAMS 0x0000000082200000, 0x0000000082200000| Untracked 
|  35|0x0000000082300000, 0x0000000082300000, 0x0000000082400000|  0%| F|  |TAMS 0x0000000082300000, 0x0000000082300000| Untracked 
|  36|0x0000000082400000, 0x0000000082400000, 0x0000000082500000|  0%| F|  |TAMS 0x0000000082400000, 0x0000000082400000| Untracked 
|  37|0x0000000082500000, 0x0000000082500000, 0x0000000082600000|  0%| F|  |TAMS 0x0000000082500000, 0x0000000082500000| Untracked 
|  38|0x0000000082600000, 0x0000000082600000, 0x0000000082700000|  0%| F|  |TAMS 0x0000000082600000, 0x0000000082600000| Untracked 
|  39|0x0000000082700000, 0x0000000082700000, 0x0000000082800000|  0%| F|  |TAMS 0x0000000082700000, 0x0000000082700000| Untracked 
|  40|0x0000000082800000, 0x0000000082800000, 0x0000000082900000|  0%| F|  |TAMS 0x0000000082800000, 0x0000000082800000| Untracked 
|  41|0x0000000082900000, 0x0000000082900000, 0x0000000082a00000|  0%| F|  |TAMS 0x0000000082900000, 0x0000000082900000| Untracked 
|  42|0x0000000082a00000, 0x0000000082a00000, 0x0000000082b00000|  0%| F|  |TAMS 0x0000000082a00000, 0x0000000082a00000| Untracked 
|  43|0x0000000082b00000, 0x0000000082b00000, 0x0000000082c00000|  0%| F|  |TAMS 0x0000000082b00000, 0x0000000082b00000| Untracked 
|  44|0x0000000082c00000, 0x0000000082c00000, 0x0000000082d00000|  0%| F|  |TAMS 0x0000000082c00000, 0x0000000082c00000| Untracked 
|  45|0x0000000082d00000, 0x0000000082d00000, 0x0000000082e00000|  0%| F|  |TAMS 0x0000000082d00000, 0x0000000082d00000| Untracked 
|  46|0x0000000082e00000, 0x0000000082e00000, 0x0000000082f00000|  0%| F|  |TAMS 0x0000000082e00000, 0x0000000082e00000| Untracked 
|  47|0x0000000082f00000, 0x0000000082f00000, 0x0000000083000000|  0%| F|  |TAMS 0x0000000082f00000, 0x0000000082f00000| Untracked 
|  48|0x0000000083000000, 0x0000000083000000, 0x0000000083100000|  0%| F|  |TAMS 0x0000000083000000, 0x0000000083000000| Untracked 
|  49|0x0000000083100000, 0x0000000083100000, 0x0000000083200000|  0%| F|  |TAMS 0x0000000083100000, 0x0000000083100000| Untracked 
|  50|0x0000000083200000, 0x0000000083200000, 0x0000000083300000|  0%| F|  |TAMS 0x0000000083200000, 0x0000000083200000| Untracked 
|  51|0x0000000083300000, 0x0000000083300000, 0x0000000083400000|  0%| F|  |TAMS 0x0000000083300000, 0x0000000083300000| Untracked 
|  52|0x0000000083400000, 0x0000000083400000, 0x0000000083500000|  0%| F|  |TAMS 0x0000000083400000, 0x0000000083400000| Untracked 
|  53|0x0000000083500000, 0x0000000083500000, 0x0000000083600000|  0%| F|  |TAMS 0x0000000083500000, 0x0000000083500000| Untracked 
|  54|0x0000000083600000, 0x0000000083600000, 0x0000000083700000|  0%| F|  |TAMS 0x0000000083600000, 0x0000000083600000| Untracked 
|  55|0x0000000083700000, 0x0000000083700000, 0x0000000083800000|  0%| F|  |TAMS 0x0000000083700000, 0x0000000083700000| Untracked 
|  56|0x0000000083800000, 0x0000000083800000, 0x0000000083900000|  0%| F|  |TAMS 0x0000000083800000, 0x0000000083800000| Untracked 
|  57|0x0000000083900000, 0x0000000083900000, 0x0000000083a00000|  0%| F|  |TAMS 0x0000000083900000, 0x0000000083900000| Untracked 
|  58|0x0000000083a00000, 0x0000000083a00000, 0x0000000083b00000|  0%| F|  |TAMS 0x0000000083a00000, 0x0000000083a00000| Untracked 
|  59|0x0000000083b00000, 0x0000000083b00000, 0x0000000083c00000|  0%| F|  |TAMS 0x0000000083b00000, 0x0000000083b00000| Untracked 
|  60|0x0000000083c00000, 0x0000000083c00000, 0x0000000083d00000|  0%| F|  |TAMS 0x0000000083c00000, 0x0000000083c00000| Untracked 
|  61|0x0000000083d00000, 0x0000000083d00000, 0x0000000083e00000|  0%| F|  |TAMS 0x0000000083d00000, 0x0000000083d00000| Untracked 
|  62|0x0000000083e00000, 0x0000000083e00000, 0x0000000083f00000|  0%| F|  |TAMS 0x0000000083e00000, 0x0000000083e00000| Untracked 
|  63|0x0000000083f00000, 0x0000000083f00000, 0x0000000084000000|  0%| F|  |TAMS 0x0000000083f00000, 0x0000000083f00000| Untracked 
|  64|0x0000000084000000, 0x0000000084000000, 0x0000000084100000|  0%| F|  |TAMS 0x0000000084000000, 0x0000000084000000| Untracked 
|  65|0x0000000084100000, 0x0000000084100000, 0x0000000084200000|  0%| F|  |TAMS 0x0000000084100000, 0x0000000084100000| Untracked 
|  66|0x0000000084200000, 0x0000000084200000, 0x0000000084300000|  0%| F|  |TAMS 0x0000000084200000, 0x0000000084200000| Untracked 
|  67|0x0000000084300000, 0x0000000084300000, 0x0000000084400000|  0%| F|  |TAMS 0x0000000084300000, 0x0000000084300000| Untracked 
|  68|0x0000000084400000, 0x0000000084400000, 0x0000000084500000|  0%| F|  |TAMS 0x0000000084400000, 0x0000000084400000| Untracked 
|  69|0x0000000084500000, 0x0000000084500000, 0x0000000084600000|  0%| F|  |TAMS 0x0000000084500000, 0x0000000084500000| Untracked 
|  70|0x0000000084600000, 0x0000000084600000, 0x0000000084700000|  0%| F|  |TAMS 0x0000000084600000, 0x0000000084600000| Untracked 
|  71|0x0000000084700000, 0x0000000084700000, 0x0000000084800000|  0%| F|  |TAMS 0x0000000084700000, 0x0000000084700000| Untracked 
|  72|0x0000000084800000, 0x0000000084800000, 0x0000000084900000|  0%| F|  |TAMS 0x0000000084800000, 0x0000000084800000| Untracked 
|  73|0x0000000084900000, 0x0000000084900000, 0x0000000084a00000|  0%| F|  |TAMS 0x0000000084900000, 0x0000000084900000| Untracked 
|  74|0x0000000084a00000, 0x0000000084a00000, 0x0000000084b00000|  0%| F|  |TAMS 0x0000000084a00000, 0x0000000084a00000| Untracked 
|  75|0x0000000084b00000, 0x0000000084b00000, 0x0000000084c00000|  0%| F|  |TAMS 0x0000000084b00000, 0x0000000084b00000| Untracked 
|  76|0x0000000084c00000, 0x0000000084c00000, 0x0000000084d00000|  0%| F|  |TAMS 0x0000000084c00000, 0x0000000084c00000| Untracked 
| 126|0x0000000087e00000, 0x0000000087e429c8, 0x0000000087f00000| 26%| E|  |TAMS 0x0000000087e00000, 0x0000000087e00000| Complete 
| 127|0x0000000087f00000, 0x0000000088000000, 0x0000000088000000|100%| E|CS|TAMS 0x0000000087f00000, 0x0000000087f00000| Complete 
| 128|0x0000000088000000, 0x0000000088100000, 0x0000000088100000|100%| E|CS|TAMS 0x0000000088000000, 0x0000000088000000| Complete 
| 129|0x0000000088100000, 0x0000000088200000, 0x0000000088200000|100%| E|CS|TAMS 0x0000000088100000, 0x0000000088100000| Complete 
| 130|0x0000000088200000, 0x00000000882ffff8, 0x0000000088300000| 99%| E|  |TAMS 0x0000000088200000, 0x0000000088200000| Complete 
| 131|0x0000000088300000, 0x0000000088400000, 0x0000000088400000|100%| E|CS|TAMS 0x0000000088300000, 0x0000000088300000| Complete 
| 132|0x0000000088400000, 0x0000000088500000, 0x0000000088500000|100%| E|CS|TAMS 0x0000000088400000, 0x0000000088400000| Complete 
| 133|0x0000000088500000, 0x0000000088600000, 0x0000000088600000|100%| E|CS|TAMS 0x0000000088500000, 0x0000000088500000| Complete 
| 134|0x0000000088600000, 0x0000000088700000, 0x0000000088700000|100%| E|CS|TAMS 0x0000000088600000, 0x0000000088600000| Complete 
| 135|0x0000000088700000, 0x0000000088800000, 0x0000000088800000|100%| E|CS|TAMS 0x0000000088700000, 0x0000000088700000| Complete 
| 136|0x0000000088800000, 0x0000000088900000, 0x0000000088900000|100%| E|CS|TAMS 0x0000000088800000, 0x0000000088800000| Complete 
| 137|0x0000000088900000, 0x0000000088a00000, 0x0000000088a00000|100%| E|CS|TAMS 0x0000000088900000, 0x0000000088900000| Complete 
| 239|0x000000008ef00000, 0x000000008f000000, 0x000000008f000000|100%| E|CS|TAMS 0x000000008ef00000, 0x000000008ef00000| Complete 
| 240|0x000000008f000000, 0x000000008f100000, 0x000000008f100000|100%| E|CS|TAMS 0x000000008f000000, 0x000000008f000000| Complete 
| 241|0x000000008f100000, 0x000000008f200000, 0x000000008f200000|100%| E|CS|TAMS 0x000000008f100000, 0x000000008f100000| Complete 
| 242|0x000000008f200000, 0x000000008f270f68, 0x000000008f300000| 44%| S|CS|TAMS 0x000000008f200000, 0x000000008f200000| Complete 
| 243|0x000000008f300000, 0x000000008f400000, 0x000000008f400000|100%| E|CS|TAMS 0x000000008f300000, 0x000000008f300000| Complete 

Card table byte_map: [0x000001c2ff7c0000,0x000001c2ffbc0000] _byte_map_base: 0x000001c2ff3c0000

Marking Bits (Prev, Next): (CMBitMap*) 0x000001c2f6478e80, (CMBitMap*) 0x000001c2f6478e40
 Prev Bits: [0x000001c291000000, 0x000001c293000000)
 Next Bits: [0x000001c28f000000, 0x000001c291000000)

Polling page: 0x000001c2f4290000

Metaspace:

Usage:
  Non-class:     24.04 MB used.
      Class:      4.13 MB used.
       Both:     28.16 MB used.

Virtual space:
  Non-class space:       64.00 MB reserved,      24.56 MB ( 38%) committed,  1 nodes.
      Class space:        1.00 GB reserved,       4.69 MB ( <1%) committed,  1 nodes.
             Both:        1.06 GB reserved,      29.25 MB (  3%) committed. 

Chunk freelists:
   Non-Class:  3.19 MB
       Class:  3.13 MB
        Both:  6.32 MB

MaxMetaspaceSize: unlimited
CompressedClassSpaceSize: 1.00 GB
Initial GC threshold: 21.00 MB
Current GC threshold: 35.94 MB
CDS: on
MetaspaceReclaimPolicy: balanced
 - commit_granule_bytes: 65536.
 - commit_granule_words: 8192.
 - virtual_space_node_default_size: 8388608.
 - enlarge_chunks_in_place: 1.
 - new_chunks_are_fully_committed: 0.
 - uncommit_free_chunks: 1.
 - use_allocation_guard: 0.


Internal statistics:

num_allocs_failed_limit: 6.
num_arena_births: 1928.
num_arena_deaths: 0.
num_vsnodes_births: 2.
num_vsnodes_deaths: 0.
num_space_committed: 468.
num_space_uncommitted: 0.
num_chunks_returned_to_freelist: 6.
num_chunks_taken_from_freelist: 3316.
num_chunk_merges: 6.
num_chunk_splits: 2139.
num_chunks_enlarged: 1289.
num_inconsistent_stats: 0.

CodeHeap 'non-profiled nmethods': size=119168Kb used=1711Kb max_used=1711Kb free=117457Kb
 bounds [0x000001c287ba0000, 0x000001c287e10000, 0x000001c28f000000]
CodeHeap 'profiled nmethods': size=119104Kb used=7924Kb max_used=7924Kb free=111180Kb
 bounds [0x000001c280000000, 0x000001c2807c0000, 0x000001c287450000]
CodeHeap 'non-nmethods': size=7488Kb used=3054Kb max_used=3095Kb free=4433Kb
 bounds [0x000001c287450000, 0x000001c287760000, 0x000001c287ba0000]
 total_blobs=4286 nmethods=3707 adapters=486
 compilation: enabled
              stopped_count=0, restarted_count=0
 full_count=0

Compilation events (20 events):
Event: 4.964 Thread 0x000001c296812500 nmethod 3698 0x000001c2807b2410 code [0x000001c2807b2680, 0x000001c2807b3298]
Event: 4.964 Thread 0x000001c296824040 3702       3       java.io.DataInputStream::readInt (72 bytes)
Event: 4.964 Thread 0x000001c2966f0550 3703       3       org.gradle.cache.internal.btree.BlockPointer::<init> (10 bytes)
Event: 4.964 Thread 0x000001c296812500 3704       3       org.gradle.cache.internal.btree.BlockPointer::pos (56 bytes)
Event: 4.964 Thread 0x000001c29683cdb0 nmethod 3701 0x000001c2807b3710 code [0x000001c2807b38c0, 0x000001c2807b3bc8]
Event: 4.965 Thread 0x000001c29683cdb0 3705       3       com.google.common.io.CountingInputStream::read (33 bytes)
Event: 4.965 Thread 0x000001c2966f0550 nmethod 3703 0x000001c2807b3d90 code [0x000001c2807b3f40, 0x000001c2807b40b8]
Event: 4.965 Thread 0x000001c296824040 nmethod 3702 0x000001c2807b4190 code [0x000001c2807b4380, 0x000001c2807b4908]
Event: 4.966 Thread 0x000001c2966f0550 3706       3       org.gradle.cache.internal.btree.FreeListBlockStore$FreeListEntry::<init> (7 bytes)
Event: 4.966 Thread 0x000001c29683cdb0 nmethod 3705 0x000001c2807b5810 code [0x000001c2807b59c0, 0x000001c2807b5be8]
Event: 4.966 Thread 0x000001c296812500 nmethod 3704 0x000001c2807b4b10 code [0x000001c2807b4d60, 0x000001c2807b54e8]
Event: 4.967 Thread 0x000001c2966f0550 nmethod 3706 0x000001c2807b5d10 code [0x000001c2807b5ec0, 0x000001c2807b60f8]
Event: 4.970 Thread 0x000001c2966f0550 3708       3       org.gradle.cache.internal.btree.BTreePersistentIndexedCache$IndexEntry::<init> (5 bytes)
Event: 4.970 Thread 0x000001c296812500 3709       3       org.gradle.cache.internal.btree.BTreePersistentIndexedCache$IndexEntry::<init> (5 bytes)
Event: 4.970 Thread 0x000001c2966f0550 nmethod 3708 0x000001c2807b6210 code [0x000001c2807b63c0, 0x000001c2807b6578]
Event: 4.970 Thread 0x000001c296812500 nmethod 3709 0x000001c2807b6690 code [0x000001c2807b6840, 0x000001c2807b6998]
Event: 4.979 Thread 0x000001c296812500 3711       3       java.util.concurrent.locks.ReentrantLock$NonfairSync::tryAcquire (27 bytes)
Event: 4.979 Thread 0x000001c296812500 nmethod 3711 0x000001c2807b6a90 code [0x000001c2807b6c40, 0x000001c2807b6ec8]
Event: 4.979 Thread 0x000001c296812500 3712       3       java.nio.channels.spi.AbstractSelectableChannel::isBlocking (13 bytes)
Event: 4.979 Thread 0x000001c296812500 nmethod 3712 0x000001c2807b6f90 code [0x000001c2807b7120, 0x000001c2807b7298]

GC Heap History (10 events):
Event: 0.494 GC heap before
{Heap before GC invocations=0 (full 0):
 garbage-first heap   total 249856K, used 26624K [0x0000000080000000, 0x0000000100000000)
  region size 1024K, 23 young (23552K), 0 survivors (0K)
 Metaspace       used 3208K, committed 3328K, reserved 1114112K
  class space    used 389K, committed 448K, reserved 1048576K
}
Event: 0.497 GC heap after
{Heap after GC invocations=1 (full 0):
 garbage-first heap   total 249856K, used 10499K [0x0000000080000000, 0x0000000100000000)
  region size 1024K, 3 young (3072K), 3 survivors (3072K)
 Metaspace       used 3208K, committed 3328K, reserved 1114112K
  class space    used 389K, committed 448K, reserved 1048576K
}
Event: 0.847 GC heap before
{Heap before GC invocations=1 (full 0):
 garbage-first heap   total 249856K, used 40195K [0x0000000080000000, 0x0000000100000000)
  region size 1024K, 32 young (32768K), 3 survivors (3072K)
 Metaspace       used 4139K, committed 4288K, reserved 1114112K
  class space    used 484K, committed 576K, reserved 1048576K
}
Event: 0.851 GC heap after
{Heap after GC invocations=2 (full 0):
 garbage-first heap   total 249856K, used 12630K [0x0000000080000000, 0x0000000100000000)
  region size 1024K, 3 young (3072K), 3 survivors (3072K)
 Metaspace       used 4139K, committed 4288K, reserved 1114112K
  class space    used 484K, committed 576K, reserved 1048576K
}
Event: 3.744 GC heap before
{Heap before GC invocations=2 (full 0):
 garbage-first heap   total 249856K, used 117078K [0x0000000080000000, 0x0000000100000000)
  region size 1024K, 106 young (108544K), 3 survivors (3072K)
 Metaspace       used 20909K, committed 21504K, reserved 1114112K
  class space    used 2966K, committed 3264K, reserved 1048576K
}
Event: 3.768 GC heap after
{Heap after GC invocations=3 (full 0):
 garbage-first heap   total 249856K, used 22429K [0x0000000080000000, 0x0000000100000000)
  region size 1024K, 12 young (12288K), 12 survivors (12288K)
 Metaspace       used 20909K, committed 21504K, reserved 1114112K
  class space    used 2966K, committed 3264K, reserved 1048576K
}
Event: 4.642 GC heap before
{Heap before GC invocations=4 (full 0):
 garbage-first heap   total 96256K, used 67485K [0x0000000080000000, 0x0000000100000000)
  region size 1024K, 56 young (57344K), 12 survivors (12288K)
 Metaspace       used 26221K, committed 27200K, reserved 1114112K
  class space    used 3837K, committed 4352K, reserved 1048576K
}
Event: 4.654 GC heap after
{Heap after GC invocations=5 (full 0):
 garbage-first heap   total 96256K, used 25159K [0x0000000080000000, 0x0000000100000000)
  region size 1024K, 3 young (3072K), 3 survivors (3072K)
 Metaspace       used 26221K, committed 27200K, reserved 1114112K
  class space    used 3837K, committed 4352K, reserved 1048576K
}
Event: 4.666 GC heap before
{Heap before GC invocations=5 (full 0):
 garbage-first heap   total 96256K, used 26183K [0x0000000080000000, 0x0000000100000000)
  region size 1024K, 4 young (4096K), 3 survivors (3072K)
 Metaspace       used 26357K, committed 27328K, reserved 1114112K
  class space    used 3851K, committed 4352K, reserved 1048576K
}
Event: 4.669 GC heap after
{Heap after GC invocations=6 (full 0):
 garbage-first heap   total 96256K, used 25158K [0x0000000080000000, 0x0000000100000000)
  region size 1024K, 1 young (1024K), 1 survivors (1024K)
 Metaspace       used 26357K, committed 27328K, reserved 1114112K
  class space    used 3851K, committed 4352K, reserved 1048576K
}

Dll operation events (15 events):
Event: 0.006 Loaded shared library C:\Users\JavaJumper\.jdks\corretto-19.0.2\bin\java.dll
Event: 0.012 Loaded shared library C:\Users\JavaJumper\.jdks\corretto-19.0.2\bin\jsvml.dll
Event: 0.041 Loaded shared library C:\Users\JavaJumper\.jdks\corretto-19.0.2\bin\zip.dll
Event: 0.043 Loaded shared library C:\Users\JavaJumper\.jdks\corretto-19.0.2\bin\instrument.dll
Event: 0.046 Loaded shared library C:\Users\JavaJumper\.jdks\corretto-19.0.2\bin\net.dll
Event: 0.047 Loaded shared library C:\Users\JavaJumper\.jdks\corretto-19.0.2\bin\nio.dll
Event: 0.050 Loaded shared library C:\Users\JavaJumper\.jdks\corretto-19.0.2\bin\zip.dll
Event: 0.225 Loaded shared library C:\Users\JavaJumper\.jdks\corretto-19.0.2\bin\jimage.dll
Event: 0.274 Loaded shared library C:\Users\JavaJumper\.jdks\corretto-19.0.2\bin\verify.dll
Event: 0.400 Loaded shared library C:\Users\JavaJumper\.gradle\native\c067742578af261105cb4f569cf0c3c89f3d7b1fecec35dd04571415982c5e48\windows-amd64\native-platform.dll
Event: 0.408 Loaded shared library C:\Users\JavaJumper\.gradle\native\38dada09dfb8b06ba9b0570ebf7e218e3eb74d4ef43ca46872605cf95ebc2f47\windows-amd64\native-platform-file-events.dll
Event: 1.127 Loaded shared library C:\Users\JavaJumper\.jdks\corretto-19.0.2\bin\management.dll
Event: 1.130 Loaded shared library C:\Users\JavaJumper\.jdks\corretto-19.0.2\bin\management_ext.dll
Event: 1.385 Loaded shared library C:\Users\JavaJumper\.jdks\corretto-19.0.2\bin\extnet.dll
Event: 2.407 Loaded shared library C:\Users\JavaJumper\.jdks\corretto-19.0.2\bin\sunmscapi.dll

Deoptimization events (20 events):
Event: 4.545 Thread 0x000001c29c3c0780 Uncommon trap: trap_request=0xffffffc6 fr.pc=0x000001c287d32b34 relative=0x00000000000001f4
Event: 4.545 Thread 0x000001c29c3c0780 Uncommon trap: reason=bimorphic_or_optimized_type_check action=maybe_recompile pc=0x000001c287d32b34 method=java.util.regex.Pattern$BmpCharProperty.match(Ljava/util/regex/Matcher;ILjava/lang/CharSequence;)Z @ 19 c2
Event: 4.545 Thread 0x000001c29c3c0780 DEOPT PACKING pc=0x000001c287d32b34 sp=0x000000a7b29f9230
Event: 4.545 Thread 0x000001c29c3c0780 DEOPT UNPACKING pc=0x000001c2874ba5a3 sp=0x000000a7b29f91e8 mode 2
Event: 4.589 Thread 0x000001c29c1f9bd0 Uncommon trap: trap_request=0xffffff45 fr.pc=0x000001c287cd21a0 relative=0x0000000000000180
Event: 4.589 Thread 0x000001c29c1f9bd0 Uncommon trap: reason=unstable_if action=reinterpret pc=0x000001c287cd21a0 method=java.util.concurrent.locks.ReentrantLock$Sync.lock()V @ 4 c2
Event: 4.589 Thread 0x000001c29c1f9bd0 DEOPT PACKING pc=0x000001c287cd21a0 sp=0x000000a7b2ffec20
Event: 4.589 Thread 0x000001c29c1f9bd0 DEOPT UNPACKING pc=0x000001c2874ba5a3 sp=0x000000a7b2ffeb80 mode 2
Event: 4.892 Thread 0x000001c29c3c0780 Uncommon trap: trap_request=0xffffff45 fr.pc=0x000001c287d276f8 relative=0x0000000000000398
Event: 4.892 Thread 0x000001c29c3c0780 Uncommon trap: reason=unstable_if action=reinterpret pc=0x000001c287d276f8 method=jdk.internal.org.objectweb.asm.MethodWriter.visitFieldInsn(ILjava/lang/String;Ljava/lang/String;Ljava/lang/String;)V @ 223 c2
Event: 4.892 Thread 0x000001c29c3c0780 DEOPT PACKING pc=0x000001c287d276f8 sp=0x000000a7b29f8870
Event: 4.892 Thread 0x000001c29c3c0780 DEOPT UNPACKING pc=0x000001c2874ba5a3 sp=0x000000a7b29f87f0 mode 2
Event: 4.920 Thread 0x000001c29c3c0780 Uncommon trap: trap_request=0xfffffff4 fr.pc=0x000001c287c172ec relative=0x000000000000024c
Event: 4.920 Thread 0x000001c29c3c0780 Uncommon trap: reason=null_check action=make_not_entrant pc=0x000001c287c172ec method=java.util.ArrayList.add(Ljava/lang/Object;[Ljava/lang/Object;I)V @ 14 c2
Event: 4.920 Thread 0x000001c29c3c0780 DEOPT PACKING pc=0x000001c287c172ec sp=0x000000a7b29fa0a0
Event: 4.920 Thread 0x000001c29c3c0780 DEOPT UNPACKING pc=0x000001c2874ba5a3 sp=0x000000a7b29f9fe8 mode 2
Event: 4.961 Thread 0x000001c29c1fc650 Uncommon trap: trap_request=0xffffff45 fr.pc=0x000001c287ca8ba0 relative=0x00000000000003c0
Event: 4.961 Thread 0x000001c29c1fc650 Uncommon trap: reason=unstable_if action=reinterpret pc=0x000001c287ca8ba0 method=java.io.BufferedInputStream.read()I @ 4 c2
Event: 4.961 Thread 0x000001c29c1fc650 DEOPT PACKING pc=0x000001c287ca8ba0 sp=0x000000a7b2dfe630
Event: 4.961 Thread 0x000001c29c1fc650 DEOPT UNPACKING pc=0x000001c2874ba5a3 sp=0x000000a7b2dfe5e8 mode 2

Classes loaded (20 events):
Event: 4.862 Loading class java/lang/ThreadLocal$SuppliedThreadLocal
Event: 4.862 Loading class java/lang/ThreadLocal$SuppliedThreadLocal done
Event: 4.863 Loading class java/io/SequenceInputStream
Event: 4.863 Loading class java/io/SequenceInputStream done
Event: 4.904 Loading class java/nio/file/FileTreeWalker
Event: 4.905 Loading class java/nio/file/FileTreeWalker done
Event: 4.905 Loading class java/nio/file/FileTreeWalker$DirectoryNode
Event: 4.906 Loading class java/nio/file/FileTreeWalker$DirectoryNode done
Event: 4.906 Loading class java/nio/file/FileTreeWalker$Event
Event: 4.906 Loading class java/nio/file/FileTreeWalker$Event done
Event: 4.906 Loading class java/nio/file/FileTreeWalker$EventType
Event: 4.906 Loading class java/nio/file/FileTreeWalker$EventType done
Event: 4.906 Loading class java/nio/file/Files$3
Event: 4.906 Loading class java/nio/file/Files$3 done
Event: 4.907 Loading class java/nio/file/FileVisitResult
Event: 4.907 Loading class java/nio/file/FileVisitResult done
Event: 4.927 Loading class sun/nio/fs/WindowsPath$1
Event: 4.928 Loading class sun/nio/fs/WindowsPath$1 done
Event: 4.971 Loading class java/nio/charset/CharacterCodingException
Event: 4.971 Loading class java/nio/charset/CharacterCodingException done

Classes unloaded (0 events):
No events

Classes redefined (0 events):
No events

Internal exceptions (20 events):
Event: 4.374 Thread 0x000001c29c3c0780 Implicit null exception at 0x000001c287c1878e to 0x000001c287c189c8
Event: 4.533 Thread 0x000001c29c3c0780 Exception <a 'java/lang/NoSuchMethodError'{0x0000000082db0118}: 'java.lang.Object java.lang.invoke.DirectMethodHandle$Holder.invokeVirtual(java.lang.Object, java.lang.Object, java.lang.Object, java.lang.Object, java.lang.Object, java.lang.Object, java.lang.Object, java.lang.Object, java.lang.Object, java.lang.Object, java.lang.Object, java.lang.Object, java.lang.Object, java.lang.Object, java.lang.Object)'> (0x0000000082db0118) 
thrown [s\src\hotspot\share\interpreter\linkResolver.cpp, line 774]
Event: 4.534 Thread 0x000001c29c3c0780 Exception <a 'java/lang/NoSuchMethodError'{0x0000000082db6028}: 'java.lang.Object java.lang.invoke.DirectMethodHandle$Holder.invokeSpecial(java.lang.Object, java.lang.Object, java.lang.Object, java.lang.Object, java.lang.Object, java.lang.Object, java.lang.Object, java.lang.Object, java.lang.Object, java.lang.Object, java.lang.Object, java.lang.Object, java.lang.Object, java.lang.Object, java.lang.Object, java.lang.Object)'> (0x0000000082db6028) 
thrown [s\src\hotspot\share\interpreter\linkResolver.cpp, li
Event: 4.534 Thread 0x000001c29c3c0780 Exception <a 'java/lang/NoSuchMethodError'{0x0000000082dbb590}: 'java.lang.Object java.lang.invoke.DelegatingMethodHandle$Holder.reinvoke_L(java.lang.Object, java.lang.Object, java.lang.Object, java.lang.Object, java.lang.Object, java.lang.Object, java.lang.Object, java.lang.Object, java.lang.Object, java.lang.Object, java.lang.Object, java.lang.Object, java.lang.Object, java.lang.Object, java.lang.Object)'> (0x0000000082dbb590) 
thrown [s\src\hotspot\share\interpreter\linkResolver.cpp, line 774]
Event: 4.624 Thread 0x000001c29c3c0780 Exception <a 'java/lang/IncompatibleClassChangeError'{0x0000000082781050}: Found class java.lang.Object, but interface was expected> (0x0000000082781050) 
thrown [s\src\hotspot\share\interpreter\linkResolver.cpp, line 841]
Event: 4.671 Thread 0x000001c29c3c0780 Exception <a 'java/lang/NoSuchMethodError'{0x000000008f303e20}: 'java.lang.Object java.lang.invoke.DirectMethodHandle$Holder.invokeVirtual(java.lang.Object, java.lang.Object, java.lang.Object, java.lang.Object, java.lang.Object, java.lang.Object, java.lang.Object, java.lang.Object, java.lang.Object, java.lang.Object, java.lang.Object, java.lang.Object, java.lang.Object, java.lang.Object, java.lang.Object, java.lang.Object, java.lang.Object, java.lang.Object, java.lang.Object, java.lang.Object, java.lang.Ob
Event: 4.671 Thread 0x000001c29c3c0780 Exception <a 'java/lang/NoSuchMethodError'{0x000000008f311938}: 'java.lang.Object java.lang.invoke.DelegatingMethodHandle$Holder.reinvoke_L(java.lang.Object, java.lang.Object, java.lang.Object, java.lang.Object, java.lang.Object, java.lang.Object, java.lang.Object, java.lang.Object, java.lang.Object, java.lang.Object, java.lang.Object, java.lang.Object, java.lang.Object, java.lang.Object, java.lang.Object, java.lang.Object, java.lang.Object, java.lang.Object, java.lang.Object, java.lang.Object, java.lang.O
Event: 4.678 Thread 0x000001c29c3c0780 Exception <a 'java/lang/NoSuchMethodError'{0x000000008f3f6cf8}: 'java.lang.Object java.lang.invoke.DirectMethodHandle$Holder.invokeStatic(java.lang.Object, java.lang.Object, java.lang.Object, java.lang.Object, java.lang.Object, java.lang.Object, java.lang.Object, java.lang.Object, java.lang.Object, java.lang.Object, java.lang.Object, java.lang.Object, java.lang.Object, java.lang.Object, java.lang.Object, java.lang.Object, java.lang.Object, java.lang.Object, java.lang.Object, java.lang.Object, java.lang.Obj
Event: 4.680 Thread 0x000001c29c3c0780 Exception <a 'java/lang/NoSuchMethodError'{0x000000008f12d6c8}: 'java.lang.Object java.lang.invoke.DirectMethodHandle$Holder.invokeStatic(java.lang.Object, java.lang.Object, java.lang.Object, java.lang.Object, java.lang.Object, java.lang.Object, java.lang.Object, java.lang.Object, java.lang.Object, java.lang.Object, java.lang.Object, java.lang.Object, java.lang.Object, java.lang.Object, java.lang.Object, java.lang.Object, java.lang.Object, java.lang.Object, java.lang.Object, java.lang.Object, java.lang.Obj
Event: 4.700 Thread 0x000001c29c3c0780 Exception <a 'java/lang/NoSuchMethodError'{0x000000008f0b9e38}: 'java.lang.Object java.lang.invoke.DirectMethodHandle$Holder.invokeVirtual(java.lang.Object, java.lang.Object, java.lang.Object, java.lang.Object, java.lang.Object, java.lang.Object, java.lang.Object, java.lang.Object, java.lang.Object, java.lang.Object, java.lang.Object, java.lang.Object, java.lang.Object, java.lang.Object, java.lang.Object, java.lang.Object, java.lang.Object, java.lang.Object, java.lang.Object, java.lang.Object)'> (0x0000000
Event: 4.712 Thread 0x000001c29c3c0780 Exception <a 'java/lang/NoSuchMethodError'{0x0000000088908dc0}: 'java.lang.Object java.lang.invoke.DirectMethodHandle$Holder.newInvokeSpecial(java.lang.Object, java.lang.Object, java.lang.Object, java.lang.Object, java.lang.Object, java.lang.Object, java.lang.Object, java.lang.Object, java.lang.Object, java.lang.Object, java.lang.Object, java.lang.Object)'> (0x0000000088908dc0) 
thrown [s\src\hotspot\share\interpreter\linkResolver.cpp, line 774]
Event: 4.890 Thread 0x000001c29c3c0780 Exception <a 'java/lang/NoSuchMethodError'{0x00000000884b4ff8}: 'int java.lang.invoke.DirectMethodHandle$Holder.invokeStaticInit(java.lang.Object, java.lang.Object, java.lang.Object)'> (0x00000000884b4ff8) 
thrown [s\src\hotspot\share\interpreter\linkResolver.cpp, line 774]
Event: 4.892 Thread 0x000001c29c3c0780 Exception <a 'java/lang/NoSuchMethodError'{0x00000000884cb388}: 'java.lang.Object java.lang.invoke.DirectMethodHandle$Holder.newInvokeSpecial(java.lang.Object, java.lang.Object, long)'> (0x00000000884cb388) 
thrown [s\src\hotspot\share\interpreter\linkResolver.cpp, line 774]
Event: 4.892 Thread 0x000001c29c3c0780 Exception <a 'java/lang/NoSuchMethodError'{0x00000000884cf9d0}: 'java.lang.Object java.lang.invoke.Invokers$Holder.linkToTargetMethod(java.lang.Object, long, java.lang.Object)'> (0x00000000884cf9d0) 
thrown [s\src\hotspot\share\interpreter\linkResolver.cpp, line 774]
Event: 4.917 Thread 0x000001c29c3c0780 Exception <a 'java/lang/NoSuchMethodError'{0x00000000883f1230}: 'int java.lang.invoke.DirectMethodHandle$Holder.invokeInterface(java.lang.Object, java.lang.Object)'> (0x00000000883f1230) 
thrown [s\src\hotspot\share\interpreter\linkResolver.cpp, line 774]
Event: 4.920 Thread 0x000001c29c3c0780 Implicit null exception at 0x000001c287c1711e to 0x000001c287c172dc
Event: 4.920 Thread 0x000001c29c3c0780 Exception <a 'java/lang/NoSuchMethodError'{0x000000008821ac68}: 'java.lang.Object java.lang.invoke.DirectMethodHandle$Holder.invokeStatic(java.lang.Object, java.lang.Object, int, java.lang.Object)'> (0x000000008821ac68) 
thrown [s\src\hotspot\share\interpreter\linkResolver.cpp, line 774]
Event: 4.920 Thread 0x000001c29c3c0780 Exception <a 'java/lang/NoSuchMethodError'{0x0000000088222ca0}: 'java.lang.Object java.lang.invoke.DirectMethodHandle$Holder.newInvokeSpecial(java.lang.Object, java.lang.Object, int, java.lang.Object)'> (0x0000000088222ca0) 
thrown [s\src\hotspot\share\interpreter\linkResolver.cpp, line 774]
Event: 4.921 Thread 0x000001c29c3c0780 Exception <a 'java/lang/NoSuchMethodError'{0x0000000088227860}: 'java.lang.Object java.lang.invoke.DirectMethodHandle$Holder.invokeSpecial(java.lang.Object, java.lang.Object, java.lang.Object, int, java.lang.Object)'> (0x0000000088227860) 
thrown [s\src\hotspot\share\interpreter\linkResolver.cpp, line 774]
Event: 4.961 Thread 0x000001c29c1fc650 Implicit null exception at 0x000001c287ca8813 to 0x000001c287ca8b8c

VM Operations (20 events):
Event: 3.948 Executing VM operation: HandshakeAllThreads
Event: 3.948 Executing VM operation: HandshakeAllThreads done
Event: 3.948 Executing VM operation: HandshakeAllThreads
Event: 3.948 Executing VM operation: HandshakeAllThreads done
Event: 4.024 Executing VM operation: HandshakeAllThreads
Event: 4.024 Executing VM operation: HandshakeAllThreads done
Event: 4.377 Executing VM operation: HandshakeAllThreads
Event: 4.377 Executing VM operation: HandshakeAllThreads done
Event: 4.399 Executing VM operation: ICBufferFull
Event: 4.400 Executing VM operation: ICBufferFull done
Event: 4.608 Executing VM operation: HandshakeAllThreads
Event: 4.608 Executing VM operation: HandshakeAllThreads done
Event: 4.641 Executing VM operation: G1CollectForAllocation
Event: 4.654 Executing VM operation: G1CollectForAllocation done
Event: 4.666 Executing VM operation: G1CollectForAllocation
Event: 4.669 Executing VM operation: G1CollectForAllocation done
Event: 4.957 Executing VM operation: HandshakeAllThreads
Event: 4.958 Executing VM operation: HandshakeAllThreads done
Event: 4.960 Executing VM operation: HandshakeAllThreads
Event: 4.960 Executing VM operation: HandshakeAllThreads done

Events (20 events):
Event: 2.424 Thread 0x000001c29c776460 Thread added: 0x000001c29c776460
Event: 2.450 Thread 0x000001c29c1e9dc0 Thread added: 0x000001c29c1e9dc0
Event: 2.455 Thread 0x000001c29c3c0780 Thread added: 0x000001c29c3c0780
Event: 2.463 Thread 0x000001c29c1fbbb0 Thread added: 0x000001c29c1fbbb0
Event: 2.465 Thread 0x000001c29c1fb660 Thread added: 0x000001c29c1fb660
Event: 2.467 Thread 0x000001c29c1fc100 Thread added: 0x000001c29c1fc100
Event: 2.771 Thread 0x000001c29c1fc650 Thread added: 0x000001c29c1fc650
Event: 2.778 Thread 0x000001c29c1fb110 Thread added: 0x000001c29c1fb110
Event: 3.046 Thread 0x000001c29c1f9bd0 Thread added: 0x000001c29c1f9bd0
Event: 3.160 Thread 0x000001c29c1fcba0 Thread added: 0x000001c29c1fcba0
Event: 3.854 Thread 0x000001c29c1fa670 Thread added: 0x000001c29c1fa670
Event: 3.865 Thread 0x000001c29c1fa120 Thread added: 0x000001c29c1fa120
Event: 4.144 Thread 0x000001c29cbdfd80 Thread added: 0x000001c29cbdfd80
Event: 4.184 Thread 0x000001c29cbe02d0 Thread added: 0x000001c29cbe02d0
Event: 4.233 Thread 0x000001c29cbda330 Thread added: 0x000001c29cbda330
Event: 4.298 Thread 0x000001c29cbdb870 Thread added: 0x000001c29cbdb870
Event: 4.469 Thread 0x000001c29cbde2f0 Thread added: 0x000001c29cbde2f0
Event: 4.566 Thread 0x000001c29cbda880 Thread added: 0x000001c29cbda880
Event: 4.922 Thread 0x000001c29cbe1d60 Thread added: 0x000001c29cbe1d60
Event: 4.994 Thread 0x000001c29cbe0820 Thread added: 0x000001c29cbe0820


Dynamic libraries:
0x00007ff77faa0000 - 0x00007ff77faad000 	C:\Users\JavaJumper\.jdks\corretto-19.0.2\bin\java.exe
0x00007ff9109f0000 - 0x00007ff910c07000 	C:\Windows\SYSTEM32\ntdll.dll
0x00007ff90e720000 - 0x00007ff90e7e4000 	C:\Windows\System32\KERNEL32.DLL
0x00007ff90dd10000 - 0x00007ff90e0b7000 	C:\Windows\System32\KERNELBASE.dll
0x00007ff90e0f0000 - 0x00007ff90e201000 	C:\Windows\System32\ucrtbase.dll
0x00007ff8f8250000 - 0x00007ff8f8267000 	C:\Users\JavaJumper\.jdks\corretto-19.0.2\bin\jli.dll
0x00007ff8f80c0000 - 0x00007ff8f80d5000 	C:\Users\JavaJumper\.jdks\corretto-19.0.2\bin\VCRUNTIME140.dll
0x00007ff90f300000 - 0x00007ff90f4ae000 	C:\Windows\System32\USER32.dll
0x00007ff8fb900000 - 0x00007ff8fbb93000 	C:\Windows\WinSxS\amd64_microsoft.windows.common-controls_6595b64144ccf1df_6.0.22621.3527_none_270e469b73872a76\COMCTL32.dll
0x00007ff90e0c0000 - 0x00007ff90e0e6000 	C:\Windows\System32\win32u.dll
0x00007ff9102b0000 - 0x00007ff910357000 	C:\Windows\System32\msvcrt.dll
0x00007ff90f110000 - 0x00007ff90f139000 	C:\Windows\System32\GDI32.dll
0x00007ff90e240000 - 0x00007ff90e359000 	C:\Windows\System32\gdi32full.dll
0x00007ff90e5c0000 - 0x00007ff90e65a000 	C:\Windows\System32\msvcp_win.dll
0x00007ff9103e0000 - 0x00007ff910411000 	C:\Windows\System32\IMM32.DLL
0x00007ff90db90000 - 0x00007ff90dba0000 	C:\ProgramData\WindowsFolderPickerFix\x64.dll
0x00007ff90e8b0000 - 0x00007ff90f10c000 	C:\Windows\System32\SHELL32.dll
0x00007ff90f4b0000 - 0x00007ff90f655000 	C:\Windows\System32\ole32.dll
0x00007ff90ff10000 - 0x00007ff910298000 	C:\Windows\System32\combase.dll
0x00007ff90fbc0000 - 0x00007ff90fcd5000 	C:\Windows\System32\RPCRT4.dll
0x00007ff8d75b0000 - 0x00007ff8d764b000 	C:\Users\JavaJumper\.jdks\corretto-19.0.2\bin\MSVCP140.dll
0x00007ff864db0000 - 0x00007ff865a89000 	C:\Users\JavaJumper\.jdks\corretto-19.0.2\bin\server\jvm.dll
0x00007ff907250000 - 0x00007ff907284000 	C:\Windows\SYSTEM32\WINMM.dll
0x00007ff8eb380000 - 0x00007ff8eb389000 	C:\Windows\SYSTEM32\WSOCK32.dll
0x00007ff90f760000 - 0x00007ff90f7d1000 	C:\Windows\System32\WS2_32.dll
0x00007ff906910000 - 0x00007ff90691a000 	C:\Windows\SYSTEM32\VERSION.dll
0x000001c2f5b00000 - 0x000001c2f5bb2000 	C:\Windows\System32\ADVAPI32.dll
0x00007ff910900000 - 0x00007ff9109a8000 	C:\Windows\System32\sechost.dll
0x00007ff90e210000 - 0x00007ff90e238000 	C:\Windows\System32\bcrypt.dll
0x00007ff90cc20000 - 0x00007ff90cc38000 	C:\Windows\SYSTEM32\kernel.appcore.dll
0x00007ff902690000 - 0x00007ff90269a000 	C:\Users\JavaJumper\.jdks\corretto-19.0.2\bin\jimage.dll
0x00007ff90b370000 - 0x00007ff90b5a2000 	C:\Windows\SYSTEM32\DBGHELP.DLL
0x00007ff90fad0000 - 0x00007ff90fba7000 	C:\Windows\System32\OLEAUT32.dll
0x00007ff8c0660000 - 0x00007ff8c0692000 	C:\Windows\SYSTEM32\dbgcore.DLL
0x00007ff90e360000 - 0x00007ff90e3d9000 	C:\Windows\System32\bcryptPrimitives.dll
0x00007ff8f7f50000 - 0x00007ff8f7f5e000 	C:\Users\JavaJumper\.jdks\corretto-19.0.2\bin\instrument.dll
0x00007ff8ee310000 - 0x00007ff8ee336000 	C:\Users\JavaJumper\.jdks\corretto-19.0.2\bin\java.dll
0x00007ff8d6000000 - 0x00007ff8d60d6000 	C:\Users\JavaJumper\.jdks\corretto-19.0.2\bin\jsvml.dll
0x00007ff90bb30000 - 0x00007ff90c426000 	C:\Windows\SYSTEM32\windows.storage.dll
0x00007ff90b9f0000 - 0x00007ff90bb2e000 	C:\Windows\SYSTEM32\wintypes.dll
0x00007ff90fce0000 - 0x00007ff90fdd5000 	C:\Windows\System32\SHCORE.dll
0x00007ff910420000 - 0x00007ff91047e000 	C:\Windows\System32\shlwapi.dll
0x00007ff90dc40000 - 0x00007ff90dc61000 	C:\Windows\SYSTEM32\profapi.dll
0x00007ff8f22c0000 - 0x00007ff8f22d8000 	C:\Users\JavaJumper\.jdks\corretto-19.0.2\bin\zip.dll
0x00007ff8f4d60000 - 0x00007ff8f4d73000 	C:\Users\JavaJumper\.jdks\corretto-19.0.2\bin\net.dll
0x00007ff907a70000 - 0x00007ff907ba6000 	C:\Windows\SYSTEM32\WINHTTP.dll
0x00007ff90d090000 - 0x00007ff90d0f9000 	C:\Windows\system32\mswsock.dll
0x00007ff8f2470000 - 0x00007ff8f2485000 	C:\Users\JavaJumper\.jdks\corretto-19.0.2\bin\nio.dll
0x00007ff8f84f0000 - 0x00007ff8f8500000 	C:\Users\JavaJumper\.jdks\corretto-19.0.2\bin\verify.dll
0x00007ff8e16e0000 - 0x00007ff8e1707000 	C:\Users\JavaJumper\.gradle\native\c067742578af261105cb4f569cf0c3c89f3d7b1fecec35dd04571415982c5e48\windows-amd64\native-platform.dll
0x00007ff8c6a50000 - 0x00007ff8c6b94000 	C:\Users\JavaJumper\.gradle\native\38dada09dfb8b06ba9b0570ebf7e218e3eb74d4ef43ca46872605cf95ebc2f47\windows-amd64\native-platform-file-events.dll
0x00007ff8f5e00000 - 0x00007ff8f5e09000 	C:\Users\JavaJumper\.jdks\corretto-19.0.2\bin\management.dll
0x00007ff8f5df0000 - 0x00007ff8f5dfb000 	C:\Users\JavaJumper\.jdks\corretto-19.0.2\bin\management_ext.dll
0x00007ff90f7e0000 - 0x00007ff90f7e8000 	C:\Windows\System32\PSAPI.DLL
0x00007ff90d310000 - 0x00007ff90d32b000 	C:\Windows\SYSTEM32\CRYPTSP.dll
0x00007ff90cb80000 - 0x00007ff90cbb5000 	C:\Windows\system32\rsaenh.dll
0x00007ff90d170000 - 0x00007ff90d198000 	C:\Windows\SYSTEM32\USERENV.dll
0x00007ff90d330000 - 0x00007ff90d33c000 	C:\Windows\SYSTEM32\CRYPTBASE.dll
0x00007ff90c690000 - 0x00007ff90c6bd000 	C:\Windows\SYSTEM32\IPHLPAPI.DLL
0x00007ff90fbb0000 - 0x00007ff90fbb9000 	C:\Windows\System32\NSI.dll
0x00007ff9076f0000 - 0x00007ff907709000 	C:\Windows\SYSTEM32\dhcpcsvc6.DLL
0x00007ff9076b0000 - 0x00007ff9076cf000 	C:\Windows\SYSTEM32\dhcpcsvc.DLL
0x00007ff90c6c0000 - 0x00007ff90c7b8000 	C:\Windows\SYSTEM32\DNSAPI.dll
0x00007ff8fc770000 - 0x00007ff8fc778000 	C:\Users\JavaJumper\.jdks\corretto-19.0.2\bin\extnet.dll
0x00007ff8f5b00000 - 0x00007ff8f5b0e000 	C:\Users\JavaJumper\.jdks\corretto-19.0.2\bin\sunmscapi.dll
0x00007ff90e3e0000 - 0x00007ff90e548000 	C:\Windows\System32\CRYPT32.dll
0x00007ff90d4f0000 - 0x00007ff90d51e000 	C:\Windows\SYSTEM32\ncrypt.dll
0x00007ff90d4b0000 - 0x00007ff90d4e7000 	C:\Windows\SYSTEM32\NTASN1.dll
0x00007ff8d2700000 - 0x00007ff8d2708000 	C:\Windows\system32\wshunix.dll

dbghelp: loaded successfully - version: 4.0.5 - missing functions: none
symbol engine: initialized successfully - sym options: 0x614 - pdb path: .;C:\Users\JavaJumper\.jdks\corretto-19.0.2\bin;C:\Windows\SYSTEM32;C:\Windows\WinSxS\amd64_microsoft.windows.common-controls_6595b64144ccf1df_6.0.22621.3527_none_270e469b73872a76;C:\ProgramData\WindowsFolderPickerFix;C:\Users\JavaJumper\.jdks\corretto-19.0.2\bin\server;C:\Users\JavaJumper\.gradle\native\c067742578af261105cb4f569cf0c3c89f3d7b1fecec35dd04571415982c5e48\windows-amd64;C:\Users\JavaJumper\.gradle\native\38dada09dfb8b06ba9b0570ebf7e218e3eb74d4ef43ca46872605cf95ebc2f47\windows-amd64

VM Arguments:
jvm_args: --add-opens=java.base/java.util=ALL-UNNAMED --add-opens=java.base/java.lang=ALL-UNNAMED --add-opens=java.base/java.lang.invoke=ALL-UNNAMED --add-opens=java.prefs/java.util.prefs=ALL-UNNAMED --add-opens=java.base/java.nio.charset=ALL-UNNAMED --add-opens=java.base/java.net=ALL-UNNAMED --add-opens=java.base/java.util.concurrent.atomic=ALL-UNNAMED -Xmx2048M -Dfile.encoding=windows-1252 -Duser.country=US -Duser.language=en -Duser.variant -javaagent:C:\Users\JavaJumper\.gradle\wrapper\dists\gradle-8.4-bin\1w5dpkrfk8irigvoxmyhowfim\gradle-8.4\lib\agents\gradle-instrumentation-agent-8.4.jar 
java_command: org.gradle.launcher.daemon.bootstrap.GradleDaemon 8.4
java_class_path (initial): C:\Users\JavaJumper\.gradle\wrapper\dists\gradle-8.4-bin\1w5dpkrfk8irigvoxmyhowfim\gradle-8.4\lib\gradle-launcher-8.4.jar
Launcher Type: SUN_STANDARD

[Global flags]
     intx CICompilerCount                          = 12                                        {product} {ergonomic}
     uint ConcGCThreads                            = 5                                         {product} {ergonomic}
     uint G1ConcRefinementThreads                  = 18                                        {product} {ergonomic}
   size_t G1HeapRegionSize                         = 1048576                                   {product} {ergonomic}
    uintx GCDrainStackTargetSize                   = 64                                        {product} {ergonomic}
   size_t InitialHeapSize                          = 255852544                                 {product} {ergonomic}
   size_t MarkStackSize                            = 4194304                                   {product} {ergonomic}
   size_t MaxHeapSize                              = 2147483648                                {product} {command line}
   size_t MaxNewSize                               = 1287651328                                {product} {ergonomic}
   size_t MinHeapDeltaBytes                        = 1048576                                   {product} {ergonomic}
   size_t MinHeapSize                              = 8388608                                   {product} {ergonomic}
    uintx NonNMethodCodeHeapSize                   = 7602480                                {pd product} {ergonomic}
    uintx NonProfiledCodeHeapSize                  = 122027880                              {pd product} {ergonomic}
    uintx ProfiledCodeHeapSize                     = 122027880                              {pd product} {ergonomic}
    uintx ReservedCodeCacheSize                    = 251658240                              {pd product} {ergonomic}
     bool SegmentedCodeCache                       = true                                      {product} {ergonomic}
   size_t SoftMaxHeapSize                          = 2147483648                             {manageable} {ergonomic}
     bool UseCompressedClassPointers               = true                           {product lp64_product} {ergonomic}
     bool UseCompressedOops                        = true                           {product lp64_product} {ergonomic}
     bool UseG1GC                                  = true                                      {product} {ergonomic}
     bool UseLargePagesIndividualAllocation        = false                                  {pd product} {ergonomic}

Logging:
Log output configuration:
 #0: stdout all=warning uptime,level,tags foldmultilines=false
 #1: stderr all=off uptime,level,tags foldmultilines=false

Environment Variables:
JAVA_HOME=C:\Program Files\Eclipse Adoptium\jdk-17.0.9.9-hotspot
PATH=C:\Program Files (x86)\VMware\VMware Workstation\bin\;C:\Program Files\Microsoft MPI\Bin\;C:\Program Files\Eclipse Adoptium\jdk-17.0.9.9-hotspot\bin;C:\Program Files (x86)\Eclipse Adoptium\jdk-17.0.9.9-hotspot\bin;C:\Python312\Scripts\;C:\Python312\;C:\Windows\system32;C:\Windows;C:\Windows\System32\Wbem;C:\Windows\System32\WindowsPowerShell\v1.0\;C:\Windows\System32\OpenSSH\;C:\Program Files (x86)\NVIDIA Corporation\PhysX\Common;C:\Program Files\dotnet\;C:\Program Files\nodejs\;C:\ProgramData\chocolatey\bin;C:\Program Files\Git\cmd;C:\Program Files\Cloudflare\Cloudflare WARP\;C:\Users\JavaJumper\AppData\Local\Android\Sdk\platform-tools;C:\Program Files (x86)\Windows Kits\10\Windows Performance Toolkit\;C:\Program Files\NVIDIA Corporation\NVIDIA App\NvDLISR;C:\Program Files (x86)\Microsoft SQL Server\160\DTS\Binn\;C:\Users\JavaJumper\AppData\Local\NVIDIA\ChatRTX\env_nvd_rag\Lib\site-packages\torch\lib;C:\Users\JavaJumper\scoop\shims;C:\Users\JavaJumper\AppData\Local\Microsoft\WindowsApps;C:\Users\JavaJumper\AppData\Roaming\npm;C:\Path;C:\Users\JavaJumper\AppData\Local\Programs\Microsoft VS Code\bin;C:\Users\JavaJumper\AppData\Local\GitHubDesktop\bin;C:\Program Files (x86)\Nmap;C:\Users\JavaJumper\.dotnet\tools
USERNAME=JavaJumper
OS=Windows_NT
PROCESSOR_IDENTIFIER=AMD64 Family 25 Model 97 Stepping 2, AuthenticAMD
TMP=C:\Users\JAVAJU~1\AppData\Local\Temp
TEMP=C:\Users\JAVAJU~1\AppData\Local\Temp



---------------  S Y S T E M  ---------------

OS:
 Windows 11 , 64 bit Build 22621 (10.0.22621.3527)
OS uptime: 3 days 14:17 hours
Hyper-V role detected

CPU: total 24 (initial active 24) (24 cores per cpu, 2 threads per core) family 25 model 97 stepping 2 microcode 0x0, cx8, cmov, fxsr, ht, mmx, 3dnowpref, sse, sse2, sse3, ssse3, sse4a, sse4.1, sse4.2, popcnt, lzcnt, tsc, tscinvbit, avx, avx2, aes, erms, clmul, bmi1, bmi2, adx, avx512f, avx512dq, avx512cd, avx512bw, avx512vl, sha, fma, vzeroupper, avx512_vpopcntdq, avx512_vpclmulqdq, avx512_vaes, avx512_vnni, clflush, clflushopt, avx512_vbmi2, avx512_vbmi, hv, rdtscp, rdpid, fsrm, gfni, avx512_bitalg

Memory: 4k page, system-wide physical 15578M (52M free)
TotalPageFile size 62682M (AvailPageFile size 0M)
current process WorkingSet (physical memory assigned to process): 210M, peak: 236M
current process commit charge ("private bytes"): 289M, peak: 429M

vm_info: OpenJDK 64-Bit Server VM (19.0.2+7-FR) for windows-amd64 JRE (19.0.2+7-FR), built on Jan 13 2023 22:53:32 by "Administrator" with MS VC++ 15.9 (VS2017)

END.
