#
# There is insufficient memory for the Java Runtime Environment to continue.
# Native memory allocation (malloc) failed to allocate 480496 bytes for Chunk::new
# Possible reasons:
#   The system is out of physical RAM or swap space
#   The process is running with CompressedOops enabled, and the Java Heap may be blocking the growth of the native heap
# Possible solutions:
#   Reduce memory load on the system
#   Increase physical memory or swap space
#   Check if swap backing store is full
#   Decrease Java heap size (-Xmx/-Xms)
#   Decrease number of Java threads
#   Decrease Java thread stack sizes (-Xss)
#   Set larger code cache with -XX:ReservedCodeCacheSize=
#   JVM is running with Unscaled Compressed Oops mode in which the Java heap is
#     placed in the first 4GB address space. The Java Heap base address is the
#     maximum limit for the native heap growth. Please use -XX:HeapBaseMinAddress
#     to set the Java Heap base and to place the Java Heap above 4GB virtual address.
# This output file may be truncated or incomplete.
#
#  Out of Memory Error (arena.cpp:184), pid=23280, tid=29240
#
# JRE version: OpenJDK Runtime Environment Corretto-19.0.2.7.1 (19.0.2+7) (build 19.0.2+7-FR)
# Java VM: OpenJDK 64-Bit Server VM Corretto-19.0.2.7.1 (19.0.2+7-FR, mixed mode, sharing, tiered, compressed oops, compressed class ptrs, g1 gc, windows-amd64)
# No core dump will be written. Minidumps are not enabled by default on client versions of Windows
#

---------------  S U M M A R Y ------------

Command Line: --add-opens=java.base/java.util=ALL-UNNAMED --add-opens=java.base/java.lang=ALL-UNNAMED --add-opens=java.base/java.lang.invoke=ALL-UNNAMED --add-opens=java.prefs/java.util.prefs=ALL-UNNAMED --add-opens=java.base/java.nio.charset=ALL-UNNAMED --add-opens=java.base/java.net=ALL-UNNAMED --add-opens=java.base/java.util.concurrent.atomic=ALL-UNNAMED -Xmx2048M -Dfile.encoding=windows-1252 -Duser.country=US -Duser.language=en -Duser.variant -javaagent:C:\Users\JavaJumper\.gradle\wrapper\dists\gradle-8.4-bin\1w5dpkrfk8irigvoxmyhowfim\gradle-8.4\lib\agents\gradle-instrumentation-agent-8.4.jar org.gradle.launcher.daemon.bootstrap.GradleDaemon 8.4

Host: AMD Ryzen 9 7845HX with Radeon Graphics        , 24 cores, 15G,  Windows 11 , 64 bit Build 22621 (10.0.22621.3527)
Time: Mon Jun 17 10:52:05 2024 FLE Daylight Time elapsed time: 5.013800 seconds (0d 0h 0m 5s)

---------------  T H R E A D  ---------------

Current thread (0x000001dd1f40d790):  JavaThread "C2 CompilerThread0" daemon [_thread_in_native, id=29240, stack(0x0000000906c00000,0x0000000906d00000)]


Current CompileTask:
C2:   5013 3683       4       java.net.URLStreamHandler::toExternalForm (156 bytes)

Stack: [0x0000000906c00000,0x0000000906d00000]
Native frames: (J=compiled Java code, j=interpreted, Vv=VM code, C=native code)
V  [jvm.dll+0x6d034a]
V  [jvm.dll+0x880f10]
V  [jvm.dll+0x88289e]
V  [jvm.dll+0x882f43]
V  [jvm.dll+0x27b4bb]
V  [jvm.dll+0xdd792]
V  [jvm.dll+0xddb25]
V  [jvm.dll+0x3b4a5b]
V  [jvm.dll+0x37c86a]
V  [jvm.dll+0x37bc5a]
V  [jvm.dll+0x2470ef]
V  [jvm.dll+0x2465a7]
V  [jvm.dll+0x1d4bb7]
V  [jvm.dll+0x25558a]
V  [jvm.dll+0x2538d7]
V  [jvm.dll+0x8342bd]
V  [jvm.dll+0x82e2fa]
V  [jvm.dll+0x6cf0d3]
C  [ucrtbase.dll+0x29333]
C  [KERNEL32.DLL+0x1257d]
C  [ntdll.dll+0x5aa48]


---------------  P R O C E S S  ---------------

Threads class SMR info:
_java_thread_list=0x000001dd2577b8a0, length=38, elements={
0x000001dd7f0f4b90, 0x000001dd1f3f53c0, 0x000001dd1f3f62a0, 0x000001dd1f3fa040,
0x000001dd1f3fafc0, 0x000001dd1f3fbbe0, 0x000001dd1f3fe610, 0x000001dd1f40d790,
0x000001dd1f412610, 0x000001dd1f414f90, 0x000001dd1f50c190, 0x000001dd1f511a30,
0x000001dd1f523c90, 0x000001dd1f528220, 0x000001dd1f6aa090, 0x000001dd248f39a0,
0x000001dd2524bd20, 0x000001dd250148a0, 0x000001dd24ef1720, 0x000001dd24f4e9d0,
0x000001dd24f50680, 0x000001dd24f35ea0, 0x000001dd24f39940, 0x000001dd253fce70,
0x000001dd253fb930, 0x000001dd253fbe80, 0x000001dd253f9950, 0x000001dd253fae90,
0x000001dd253fc3d0, 0x000001dd253f9ea0, 0x000001dd253fa3f0, 0x000001dd253fb3e0,
0x000001dd27d94f30, 0x000001dd27d91a10, 0x000001dd27d92a00, 0x000001dd27d969c0,
0x000001dd27d92f50, 0x000001dd27d91f60
}

Java Threads: ( => current thread )
  0x000001dd7f0f4b90 JavaThread "main" [_thread_blocked, id=40420, stack(0x0000000905f00000,0x0000000906000000)]
  0x000001dd1f3f53c0 JavaThread "Reference Handler" daemon [_thread_blocked, id=38384, stack(0x0000000906600000,0x0000000906700000)]
  0x000001dd1f3f62a0 JavaThread "Finalizer" daemon [_thread_blocked, id=19780, stack(0x0000000906700000,0x0000000906800000)]
  0x000001dd1f3fa040 JavaThread "Signal Dispatcher" daemon [_thread_blocked, id=40060, stack(0x0000000906800000,0x0000000906900000)]
  0x000001dd1f3fafc0 JavaThread "Attach Listener" daemon [_thread_blocked, id=17384, stack(0x0000000906900000,0x0000000906a00000)]
  0x000001dd1f3fbbe0 JavaThread "Service Thread" daemon [_thread_blocked, id=20376, stack(0x0000000906a00000,0x0000000906b00000)]
  0x000001dd1f3fe610 JavaThread "Monitor Deflation Thread" daemon [_thread_blocked, id=44268, stack(0x0000000906b00000,0x0000000906c00000)]
=>0x000001dd1f40d790 JavaThread "C2 CompilerThread0" daemon [_thread_in_native, id=29240, stack(0x0000000906c00000,0x0000000906d00000)]
  0x000001dd1f412610 JavaThread "C1 CompilerThread0" daemon [_thread_blocked, id=28568, stack(0x0000000906d00000,0x0000000906e00000)]
  0x000001dd1f414f90 JavaThread "Sweeper thread" daemon [_thread_blocked, id=10936, stack(0x0000000906e00000,0x0000000906f00000)]
  0x000001dd1f50c190 JavaThread "Common-Cleaner" daemon [_thread_blocked, id=28108, stack(0x0000000906f00000,0x0000000907000000)]
  0x000001dd1f511a30 JavaThread "C1 CompilerThread1" daemon [_thread_blocked, id=36936, stack(0x0000000907000000,0x0000000907100000)]
  0x000001dd1f523c90 JavaThread "C1 CompilerThread2" daemon [_thread_blocked, id=27956, stack(0x0000000907100000,0x0000000907200000)]
  0x000001dd1f528220 JavaThread "C1 CompilerThread3" daemon [_thread_blocked, id=2912, stack(0x0000000907200000,0x0000000907300000)]
  0x000001dd1f6aa090 JavaThread "Notification Thread" daemon [_thread_blocked, id=34212, stack(0x0000000907400000,0x0000000907500000)]
  0x000001dd248f39a0 JavaThread "Daemon health stats" [_thread_blocked, id=24236, stack(0x0000000907a00000,0x0000000907b00000)]
  0x000001dd2524bd20 JavaThread "Incoming local TCP Connector on port 27581" [_thread_in_native, id=17264, stack(0x0000000907300000,0x0000000907400000)]
  0x000001dd250148a0 JavaThread "Daemon periodic checks" [_thread_blocked, id=12440, stack(0x0000000907b00000,0x0000000907c00000)]
  0x000001dd24ef1720 JavaThread "C2 CompilerThread1" daemon [_thread_in_native, id=24912, stack(0x0000000907c00000,0x0000000907d00000)]
  0x000001dd24f4e9d0 JavaThread "Daemon" [_thread_blocked, id=2584, stack(0x0000000907d00000,0x0000000907e00000)]
  0x000001dd24f50680 JavaThread "Handler for socket connection from /127.0.0.1:27581 to /127.0.0.1:27583" [_thread_in_native, id=42460, stack(0x0000000907e00000,0x0000000907f00000)]
  0x000001dd24f35ea0 JavaThread "Cancel handler" [_thread_blocked, id=21880, stack(0x0000000907f00000,0x0000000908000000)]
  0x000001dd24f39940 JavaThread "Daemon worker" [_thread_in_vm, id=30764, stack(0x0000000908000000,0x0000000908100000)]
  0x000001dd253fce70 JavaThread "Asynchronous log dispatcher for DefaultDaemonConnection: socket connection from /127.0.0.1:27581 to /127.0.0.1:27583" [_thread_blocked, id=36684, stack(0x0000000908100000,0x0000000908200000)]
  0x000001dd253fb930 JavaThread "Stdin handler" [_thread_blocked, id=6696, stack(0x0000000908200000,0x0000000908300000)]
  0x000001dd253fbe80 JavaThread "Daemon client event forwarder" [_thread_blocked, id=38048, stack(0x0000000908300000,0x0000000908400000)]
  0x000001dd253f9950 JavaThread "Cache worker for journal cache (C:\Users\JavaJumper\.gradle\caches\journal-1)" [_thread_blocked, id=45828, stack(0x0000000908400000,0x0000000908500000)]
  0x000001dd253fae90 JavaThread "File lock request listener" [_thread_in_native, id=28844, stack(0x0000000908500000,0x0000000908600000)]
  0x000001dd253fc3d0 JavaThread "File lock release action executor" [_thread_blocked, id=23416, stack(0x0000000908600000,0x0000000908700000)]
  0x000001dd253f9ea0 JavaThread "Cache worker for file hash cache (C:\Users\JavaJumper\.gradle\caches\8.4\fileHashes)" [_thread_blocked, id=24208, stack(0x0000000908700000,0x0000000908800000)]
  0x000001dd253fa3f0 JavaThread "File watcher server" daemon [_thread_in_native, id=29508, stack(0x0000000909900000,0x0000000909a00000)]
  0x000001dd253fb3e0 JavaThread "File watcher consumer" daemon [_thread_blocked, id=9564, stack(0x0000000909a00000,0x0000000909b00000)]
  0x000001dd27d94f30 JavaThread "Cache worker for checksums cache (C:\Users\JavaJumper\Documents\GitHub\WilderNature\.gradle\8.4\checksums)" [_thread_blocked, id=35856, stack(0x0000000909b00000,0x0000000909c00000)]
  0x000001dd27d91a10 JavaThread "Cache worker for file hash cache (C:\Users\JavaJumper\Documents\GitHub\WilderNature\.gradle\8.4\fileHashes)" [_thread_blocked, id=39540, stack(0x0000000909c00000,0x0000000909d00000)]
  0x000001dd27d92a00 JavaThread "Cache worker for cache directory md-supplier (C:\Users\JavaJumper\.gradle\caches\8.4\md-supplier)" [_thread_blocked, id=12880, stack(0x0000000909d00000,0x0000000909e00000)]
  0x000001dd27d969c0 JavaThread "Cache worker for file content cache (C:\Users\JavaJumper\.gradle\caches\8.4\fileContent)" [_thread_blocked, id=38816, stack(0x0000000909e00000,0x0000000909f00000)]
  0x000001dd27d92f50 JavaThread "Cache worker for cache directory md-rule (C:\Users\JavaJumper\.gradle\caches\8.4\md-rule)" [_thread_blocked, id=38708, stack(0x0000000909f00000,0x000000090a000000)]
  0x000001dd27d91f60 JavaThread "Cache worker for execution history cache (C:\Users\JavaJumper\.gradle\caches\8.4\executionHistory)" [_thread_blocked, id=28892, stack(0x000000090a000000,0x000000090a100000)]

Other Threads:
  0x000001dd7f116b90 VMThread "VM Thread" [stack: 0x0000000906500000,0x0000000906600000] [id=13904]
  0x000001dd7f0f5a70 WatcherThread "VM Periodic Task Thread" [stack: 0x0000000907500000,0x0000000907600000] [id=21232]
  0x000001dd7f115d80 WorkerThread "GC Thread#0" [stack: 0x0000000906000000,0x0000000906100000] [id=45008]
  0x000001dd7f1168c0 WorkerThread "GC Thread#1" [stack: 0x0000000907600000,0x0000000907700000] [id=34772]
  0x000001dd7f1176d0 WorkerThread "GC Thread#2" [stack: 0x0000000907700000,0x0000000907800000] [id=44676]
  0x000001dd7f117130 WorkerThread "GC Thread#3" [stack: 0x0000000907800000,0x0000000907900000] [id=22932]
  0x000001dd24377f70 WorkerThread "GC Thread#4" [stack: 0x0000000907900000,0x0000000907a00000] [id=2952]
  0x000001dd24374fa0 WorkerThread "GC Thread#5" [stack: 0x0000000908800000,0x0000000908900000] [id=42344]
  0x000001dd243768f0 WorkerThread "GC Thread#6" [stack: 0x0000000908900000,0x0000000908a00000] [id=46044]
  0x000001dd24375540 WorkerThread "GC Thread#7" [stack: 0x0000000908a00000,0x0000000908b00000] [id=5088]
  0x000001dd24374730 WorkerThread "GC Thread#8" [stack: 0x0000000908b00000,0x0000000908c00000] [id=29724]
  0x000001dd24376080 WorkerThread "GC Thread#9" [stack: 0x0000000908c00000,0x0000000908d00000] [id=39332]
  0x000001dd24375810 WorkerThread "GC Thread#10" [stack: 0x0000000908d00000,0x0000000908e00000] [id=29892]
  0x000001dd24376620 WorkerThread "GC Thread#11" [stack: 0x0000000908e00000,0x0000000908f00000] [id=35416]
  0x000001dd24376350 WorkerThread "GC Thread#12" [stack: 0x0000000908f00000,0x0000000909000000] [id=40700]
  0x000001dd24376e90 WorkerThread "GC Thread#13" [stack: 0x0000000909000000,0x0000000909100000] [id=43752]
  0x000001dd24377160 WorkerThread "GC Thread#14" [stack: 0x0000000909100000,0x0000000909200000] [id=44288]
  0x000001dd24375270 WorkerThread "GC Thread#15" [stack: 0x0000000909200000,0x0000000909300000] [id=37148]
  0x000001dd27da1cc0 WorkerThread "GC Thread#16" [stack: 0x0000000909300000,0x0000000909400000] [id=18296]
  0x000001dd27d9f830 WorkerThread "GC Thread#17" [stack: 0x0000000909400000,0x0000000909500000] [id=37400]
  0x000001dd7f1686f0 ConcurrentGCThread "G1 Main Marker" [stack: 0x0000000906100000,0x0000000906200000] [id=14564]
  0x000001dd7f117400 WorkerThread "G1 Conc#0" [stack: 0x0000000906200000,0x0000000906300000] [id=45696]
  0x000001dd27d9f560 WorkerThread "G1 Conc#1" [stack: 0x0000000909500000,0x0000000909600000] [id=37344]
  0x000001dd27da2260 WorkerThread "G1 Conc#2" [stack: 0x0000000909600000,0x0000000909700000] [id=39692]
  0x000001dd27da19f0 WorkerThread "G1 Conc#3" [stack: 0x0000000909700000,0x0000000909800000] [id=28500]
  0x000001dd27da2530 WorkerThread "G1 Conc#4" [stack: 0x0000000909800000,0x0000000909900000] [id=45392]
  0x000001dd1eb28b20 ConcurrentGCThread "G1 Refine#0" [stack: 0x0000000906300000,0x0000000906400000] [id=27476]
  0x000001dd1eb29660 ConcurrentGCThread "G1 Service" [stack: 0x0000000906400000,0x0000000906500000] [id=42544]

Threads with active compile tasks:
C2 CompilerThread0     5038 3683       4       java.net.URLStreamHandler::toExternalForm (156 bytes)
C2 CompilerThread1     5038 3710       4       sun.invoke.util.BytecodeDescriptor::unparseSig (49 bytes)

VM state: not at safepoint (normal execution)

VM Mutex/Monitor currently owned by a thread: None

Heap address: 0x0000000080000000, size: 2048 MB, Compressed Oops mode: 32-bit

CDS archive(s) mapped at: [0x0000000800000000-0x0000000800c40000-0x0000000800c40000), size 12845056, SharedBaseAddress: 0x0000000800000000, ArchiveRelocationMode: 0.
Compressed class space mapped at: 0x0000000801000000-0x0000000841000000, reserved size: 1073741824
Narrow klass base: 0x0000000800000000, Narrow klass shift: 0, Narrow klass range: 0x100000000

GC Precious Log:
 CardTable entry size: 512
 Card Set container configuration: InlinePtr #cards 5 size 8 Array Of Cards #cards 12 size 40 Howl #buckets 4 coarsen threshold 1843 Howl Bitmap #cards 512 size 80 coarsen threshold 460 Card regions per heap region 1 cards per card region 2048
 CPUs: 24 total, 24 available
 Memory: 15578M
 Large Page Support: Disabled
 NUMA Support: Disabled
 Compressed Oops: Enabled (32-bit)
 Heap Region Size: 1M
 Heap Min Capacity: 8M
 Heap Initial Capacity: 244M
 Heap Max Capacity: 2G
 Pre-touch: Disabled
 Parallel Workers: 18
 Concurrent Workers: 5
 Concurrent Refinement Workers: 18
 Periodic GC: Disabled

Heap:
 garbage-first heap   total 89088K, used 38691K [0x0000000080000000, 0x0000000100000000)
  region size 1024K, 16 young (16384K), 1 survivors (1024K)
 Metaspace       used 28247K, committed 29376K, reserved 1114112K
  class space    used 4133K, committed 4736K, reserved 1048576K

Heap Regions: E=young(eden), S=young(survivor), O=old, HS=humongous(starts), HC=humongous(continues), CS=collection set, F=free, OA=open archive, CA=closed archive, TAMS=top-at-mark-start (previous, next)
|   0|0x0000000080000000, 0x0000000080100000, 0x0000000080100000|100%|HS|  |TAMS 0x0000000080100000, 0x0000000080000000| Complete 
|   1|0x0000000080100000, 0x0000000080200000, 0x0000000080200000|100%|HC|  |TAMS 0x0000000080200000, 0x0000000080100000| Complete 
|   2|0x0000000080200000, 0x0000000080300000, 0x0000000080300000|100%|HC|  |TAMS 0x0000000080300000, 0x0000000080200000| Complete 
|   3|0x0000000080300000, 0x0000000080400000, 0x0000000080400000|100%|HC|  |TAMS 0x0000000080400000, 0x0000000080300000| Complete 
|   4|0x0000000080400000, 0x0000000080500000, 0x0000000080500000|100%| O|  |TAMS 0x0000000080500000, 0x0000000080400000| Untracked 
|   5|0x0000000080500000, 0x0000000080600000, 0x0000000080600000|100%| O|  |TAMS 0x0000000080600000, 0x0000000080500000| Untracked 
|   6|0x0000000080600000, 0x0000000080700000, 0x0000000080700000|100%| O|  |TAMS 0x0000000080700000, 0x0000000080600000| Untracked 
|   7|0x0000000080700000, 0x0000000080800000, 0x0000000080800000|100%| O|  |TAMS 0x0000000080800000, 0x0000000080700000| Untracked 
|   8|0x0000000080800000, 0x0000000080900000, 0x0000000080900000|100%| O|  |TAMS 0x0000000080900000, 0x0000000080800000| Untracked 
|   9|0x0000000080900000, 0x0000000080a00000, 0x0000000080a00000|100%| O|  |TAMS 0x0000000080a00000, 0x0000000080900000| Untracked 
|  10|0x0000000080a00000, 0x0000000080a00000, 0x0000000080b00000|  0%| F|  |TAMS 0x0000000080a00000, 0x0000000080a00000| Untracked 
|  11|0x0000000080b00000, 0x0000000080c00000, 0x0000000080c00000|100%| O|  |TAMS 0x0000000080b00000, 0x0000000080b00000| Untracked 
|  12|0x0000000080c00000, 0x0000000080d00000, 0x0000000080d00000|100%| O|  |TAMS 0x0000000080c00000, 0x0000000080c00000| Untracked 
|  13|0x0000000080d00000, 0x0000000080e00000, 0x0000000080e00000|100%| O|  |TAMS 0x0000000080d00000, 0x0000000080d00000| Untracked 
|  14|0x0000000080e00000, 0x0000000080f00000, 0x0000000080f00000|100%| O|  |TAMS 0x0000000080e00000, 0x0000000080e00000| Untracked 
|  15|0x0000000080f00000, 0x0000000081000000, 0x0000000081000000|100%| O|  |TAMS 0x0000000080f00000, 0x0000000080f00000| Untracked 
|  16|0x0000000081000000, 0x0000000081100000, 0x0000000081100000|100%| O|  |TAMS 0x0000000081000000, 0x0000000081000000| Untracked 
|  17|0x0000000081100000, 0x0000000081200000, 0x0000000081200000|100%| O|  |TAMS 0x0000000081100000, 0x0000000081100000| Untracked 
|  18|0x0000000081200000, 0x0000000081300000, 0x0000000081300000|100%| O|  |TAMS 0x0000000081200000, 0x0000000081200000| Untracked 
|  19|0x0000000081300000, 0x0000000081400000, 0x0000000081400000|100%| O|  |TAMS 0x0000000081300000, 0x0000000081300000| Untracked 
|  20|0x0000000081400000, 0x0000000081500000, 0x0000000081500000|100%| O|  |TAMS 0x0000000081400000, 0x0000000081400000| Untracked 
|  21|0x0000000081500000, 0x0000000081600000, 0x0000000081600000|100%| O|  |TAMS 0x0000000081500000, 0x0000000081500000| Untracked 
|  22|0x0000000081600000, 0x0000000081700000, 0x0000000081700000|100%| O|  |TAMS 0x0000000081600000, 0x0000000081600000| Untracked 
|  23|0x0000000081700000, 0x0000000081800000, 0x0000000081800000|100%| O|  |TAMS 0x0000000081700000, 0x0000000081700000| Untracked 
|  24|0x0000000081800000, 0x0000000081900000, 0x0000000081900000|100%| O|  |TAMS 0x0000000081800000, 0x0000000081800000| Untracked 
|  25|0x0000000081900000, 0x000000008195e800, 0x0000000081a00000| 36%| O|  |TAMS 0x0000000081900000, 0x0000000081900000| Untracked 
|  26|0x0000000081a00000, 0x0000000081a00000, 0x0000000081b00000|  0%| F|  |TAMS 0x0000000081a00000, 0x0000000081a00000| Untracked 
|  27|0x0000000081b00000, 0x0000000081b00000, 0x0000000081c00000|  0%| F|  |TAMS 0x0000000081b00000, 0x0000000081b00000| Untracked 
|  28|0x0000000081c00000, 0x0000000081c00000, 0x0000000081d00000|  0%| F|  |TAMS 0x0000000081c00000, 0x0000000081c00000| Untracked 
|  29|0x0000000081d00000, 0x0000000081d00000, 0x0000000081e00000|  0%| F|  |TAMS 0x0000000081d00000, 0x0000000081d00000| Untracked 
|  30|0x0000000081e00000, 0x0000000081e00000, 0x0000000081f00000|  0%| F|  |TAMS 0x0000000081e00000, 0x0000000081e00000| Untracked 
|  31|0x0000000081f00000, 0x0000000081f00000, 0x0000000082000000|  0%| F|  |TAMS 0x0000000081f00000, 0x0000000081f00000| Untracked 
|  32|0x0000000082000000, 0x0000000082000000, 0x0000000082100000|  0%| F|  |TAMS 0x0000000082000000, 0x0000000082000000| Untracked 
|  33|0x0000000082100000, 0x0000000082100000, 0x0000000082200000|  0%| F|  |TAMS 0x0000000082100000, 0x0000000082100000| Untracked 
|  34|0x0000000082200000, 0x0000000082200000, 0x0000000082300000|  0%| F|  |TAMS 0x0000000082200000, 0x0000000082200000| Untracked 
|  35|0x0000000082300000, 0x0000000082300000, 0x0000000082400000|  0%| F|  |TAMS 0x0000000082300000, 0x0000000082300000| Untracked 
|  36|0x0000000082400000, 0x0000000082400000, 0x0000000082500000|  0%| F|  |TAMS 0x0000000082400000, 0x0000000082400000| Untracked 
|  37|0x0000000082500000, 0x0000000082500000, 0x0000000082600000|  0%| F|  |TAMS 0x0000000082500000, 0x0000000082500000| Untracked 
|  38|0x0000000082600000, 0x0000000082600000, 0x0000000082700000|  0%| F|  |TAMS 0x0000000082600000, 0x0000000082600000| Untracked 
|  39|0x0000000082700000, 0x0000000082700000, 0x0000000082800000|  0%| F|  |TAMS 0x0000000082700000, 0x0000000082700000| Untracked 
|  40|0x0000000082800000, 0x0000000082800000, 0x0000000082900000|  0%| F|  |TAMS 0x0000000082800000, 0x0000000082800000| Untracked 
|  41|0x0000000082900000, 0x0000000082900000, 0x0000000082a00000|  0%| F|  |TAMS 0x0000000082900000, 0x0000000082900000| Untracked 
|  42|0x0000000082a00000, 0x0000000082a00000, 0x0000000082b00000|  0%| F|  |TAMS 0x0000000082a00000, 0x0000000082a00000| Untracked 
|  43|0x0000000082b00000, 0x0000000082b00000, 0x0000000082c00000|  0%| F|  |TAMS 0x0000000082b00000, 0x0000000082b00000| Untracked 
|  44|0x0000000082c00000, 0x0000000082c00000, 0x0000000082d00000|  0%| F|  |TAMS 0x0000000082c00000, 0x0000000082c00000| Untracked 
|  45|0x0000000082d00000, 0x0000000082d00000, 0x0000000082e00000|  0%| F|  |TAMS 0x0000000082d00000, 0x0000000082d00000| Untracked 
|  46|0x0000000082e00000, 0x0000000082e00000, 0x0000000082f00000|  0%| F|  |TAMS 0x0000000082e00000, 0x0000000082e00000| Untracked 
|  47|0x0000000082f00000, 0x0000000082f00000, 0x0000000083000000|  0%| F|  |TAMS 0x0000000082f00000, 0x0000000082f00000| Untracked 
|  48|0x0000000083000000, 0x0000000083000000, 0x0000000083100000|  0%| F|  |TAMS 0x0000000083000000, 0x0000000083000000| Untracked 
|  49|0x0000000083100000, 0x0000000083100000, 0x0000000083200000|  0%| F|  |TAMS 0x0000000083100000, 0x0000000083100000| Untracked 
|  50|0x0000000083200000, 0x0000000083200000, 0x0000000083300000|  0%| F|  |TAMS 0x0000000083200000, 0x0000000083200000| Untracked 
|  51|0x0000000083300000, 0x0000000083300000, 0x0000000083400000|  0%| F|  |TAMS 0x0000000083300000, 0x0000000083300000| Untracked 
|  52|0x0000000083400000, 0x0000000083400000, 0x0000000083500000|  0%| F|  |TAMS 0x0000000083400000, 0x0000000083400000| Untracked 
|  53|0x0000000083500000, 0x0000000083500000, 0x0000000083600000|  0%| F|  |TAMS 0x0000000083500000, 0x0000000083500000| Untracked 
|  54|0x0000000083600000, 0x0000000083600000, 0x0000000083700000|  0%| F|  |TAMS 0x0000000083600000, 0x0000000083600000| Untracked 
|  55|0x0000000083700000, 0x0000000083700000, 0x0000000083800000|  0%| F|  |TAMS 0x0000000083700000, 0x0000000083700000| Untracked 
|  56|0x0000000083800000, 0x0000000083800000, 0x0000000083900000|  0%| F|  |TAMS 0x0000000083800000, 0x0000000083800000| Untracked 
|  57|0x0000000083900000, 0x0000000083900000, 0x0000000083a00000|  0%| F|  |TAMS 0x0000000083900000, 0x0000000083900000| Untracked 
|  58|0x0000000083a00000, 0x0000000083a00000, 0x0000000083b00000|  0%| F|  |TAMS 0x0000000083a00000, 0x0000000083a00000| Untracked 
|  59|0x0000000083b00000, 0x0000000083b00000, 0x0000000083c00000|  0%| F|  |TAMS 0x0000000083b00000, 0x0000000083b00000| Untracked 
|  60|0x0000000083c00000, 0x0000000083c00000, 0x0000000083d00000|  0%| F|  |TAMS 0x0000000083c00000, 0x0000000083c00000| Untracked 
|  61|0x0000000083d00000, 0x0000000083d00000, 0x0000000083e00000|  0%| F|  |TAMS 0x0000000083d00000, 0x0000000083d00000| Untracked 
|  62|0x0000000083e00000, 0x0000000083e00000, 0x0000000083f00000|  0%| F|  |TAMS 0x0000000083e00000, 0x0000000083e00000| Untracked 
|  63|0x0000000083f00000, 0x0000000083f00000, 0x0000000084000000|  0%| F|  |TAMS 0x0000000083f00000, 0x0000000083f00000| Untracked 
|  64|0x0000000084000000, 0x0000000084000000, 0x0000000084100000|  0%| F|  |TAMS 0x0000000084000000, 0x0000000084000000| Untracked 
|  65|0x0000000084100000, 0x0000000084100000, 0x0000000084200000|  0%| F|  |TAMS 0x0000000084100000, 0x0000000084100000| Untracked 
|  66|0x0000000084200000, 0x0000000084200000, 0x0000000084300000|  0%| F|  |TAMS 0x0000000084200000, 0x0000000084200000| Untracked 
|  67|0x0000000084300000, 0x0000000084300000, 0x0000000084400000|  0%| F|  |TAMS 0x0000000084300000, 0x0000000084300000| Untracked 
|  68|0x0000000084400000, 0x0000000084400000, 0x0000000084500000|  0%| F|  |TAMS 0x0000000084400000, 0x0000000084400000| Untracked 
|  69|0x0000000084500000, 0x0000000084500000, 0x0000000084600000|  0%| F|  |TAMS 0x0000000084500000, 0x0000000084500000| Untracked 
|  70|0x0000000084600000, 0x0000000084600000, 0x0000000084700000|  0%| F|  |TAMS 0x0000000084600000, 0x0000000084600000| Untracked 
|  71|0x0000000084700000, 0x00000000847e5fb8, 0x0000000084800000| 89%| E|  |TAMS 0x0000000084700000, 0x0000000084700000| Complete 
| 126|0x0000000087e00000, 0x0000000087f00000, 0x0000000087f00000|100%| E|  |TAMS 0x0000000087e00000, 0x0000000087e00000| Complete 
| 127|0x0000000087f00000, 0x0000000088000000, 0x0000000088000000|100%| E|CS|TAMS 0x0000000087f00000, 0x0000000087f00000| Complete 
| 128|0x0000000088000000, 0x0000000088100000, 0x0000000088100000|100%| E|CS|TAMS 0x0000000088000000, 0x0000000088000000| Complete 
| 129|0x0000000088100000, 0x0000000088200000, 0x0000000088200000|100%| E|CS|TAMS 0x0000000088100000, 0x0000000088100000| Complete 
| 130|0x0000000088200000, 0x0000000088300000, 0x0000000088300000|100%| E|CS|TAMS 0x0000000088200000, 0x0000000088200000| Complete 
| 131|0x0000000088300000, 0x0000000088400000, 0x0000000088400000|100%| E|CS|TAMS 0x0000000088300000, 0x0000000088300000| Complete 
| 132|0x0000000088400000, 0x0000000088500000, 0x0000000088500000|100%| E|CS|TAMS 0x0000000088400000, 0x0000000088400000| Complete 
| 133|0x0000000088500000, 0x0000000088600000, 0x0000000088600000|100%| E|CS|TAMS 0x0000000088500000, 0x0000000088500000| Complete 
| 134|0x0000000088600000, 0x0000000088700000, 0x0000000088700000|100%| E|CS|TAMS 0x0000000088600000, 0x0000000088600000| Complete 
| 135|0x0000000088700000, 0x0000000088800000, 0x0000000088800000|100%| E|CS|TAMS 0x0000000088700000, 0x0000000088700000| Complete 
| 136|0x0000000088800000, 0x0000000088900000, 0x0000000088900000|100%| E|CS|TAMS 0x0000000088800000, 0x0000000088800000| Complete 
| 137|0x0000000088900000, 0x0000000088a00000, 0x0000000088a00000|100%| E|CS|TAMS 0x0000000088900000, 0x0000000088900000| Complete 
| 241|0x000000008f100000, 0x000000008f200000, 0x000000008f200000|100%| E|CS|TAMS 0x000000008f100000, 0x000000008f100000| Complete 
| 242|0x000000008f200000, 0x000000008f26a630, 0x000000008f300000| 41%| S|CS|TAMS 0x000000008f200000, 0x000000008f200000| Complete 
| 243|0x000000008f300000, 0x000000008f400000, 0x000000008f400000|100%| E|CS|TAMS 0x000000008f300000, 0x000000008f300000| Complete 

Card table byte_map: [0x000001dd17520000,0x000001dd17920000] _byte_map_base: 0x000001dd17120000

Marking Bits (Prev, Next): (CMBitMap*) 0x000001dd7f157bc0, (CMBitMap*) 0x000001dd7f157b80
 Prev Bits: [0x000001dd19d20000, 0x000001dd1bd20000)
 Next Bits: [0x000001dd17d20000, 0x000001dd19d20000)

Polling page: 0x000001dd7cfb0000

Metaspace:

Usage:
  Non-class:     23.55 MB used.
      Class:      4.04 MB used.
       Both:     27.59 MB used.

Virtual space:
  Non-class space:       64.00 MB reserved,      24.06 MB ( 38%) committed,  1 nodes.
      Class space:        1.00 GB reserved,       4.63 MB ( <1%) committed,  1 nodes.
             Both:        1.06 GB reserved,      28.69 MB (  3%) committed. 

Chunk freelists:
   Non-Class:  3.29 MB
       Class:  3.32 MB
        Both:  6.61 MB

MaxMetaspaceSize: unlimited
CompressedClassSpaceSize: 1.00 GB
Initial GC threshold: 21.00 MB
Current GC threshold: 35.44 MB
CDS: on
MetaspaceReclaimPolicy: balanced
 - commit_granule_bytes: 65536.
 - commit_granule_words: 8192.
 - virtual_space_node_default_size: 8388608.
 - enlarge_chunks_in_place: 1.
 - new_chunks_are_fully_committed: 0.
 - uncommit_free_chunks: 1.
 - use_allocation_guard: 0.


Internal statistics:

num_allocs_failed_limit: 3.
num_arena_births: 1936.
num_arena_deaths: 0.
num_vsnodes_births: 2.
num_vsnodes_deaths: 0.
num_space_committed: 459.
num_space_uncommitted: 0.
num_chunks_returned_to_freelist: 3.
num_chunks_taken_from_freelist: 3341.
num_chunk_merges: 3.
num_chunk_splits: 2122.
num_chunks_enlarged: 1235.
num_inconsistent_stats: 0.

CodeHeap 'non-profiled nmethods': size=119168Kb used=1996Kb max_used=1996Kb free=117171Kb
 bounds [0x000001dd0fcc0000, 0x000001dd0ff30000, 0x000001dd17120000]
CodeHeap 'profiled nmethods': size=119104Kb used=7816Kb max_used=7816Kb free=111287Kb
 bounds [0x000001dd08120000, 0x000001dd088d0000, 0x000001dd0f570000]
CodeHeap 'non-nmethods': size=7488Kb used=3053Kb max_used=3103Kb free=4434Kb
 bounds [0x000001dd0f570000, 0x000001dd0f880000, 0x000001dd0fcc0000]
 total_blobs=4284 nmethods=3706 adapters=485
 compilation: enabled
              stopped_count=0, restarted_count=0
 full_count=0

Compilation events (20 events):
Event: 5.000 Thread 0x000001dd1f412610 nmethod 3687 0x000001dd0feacd10 code [0x000001dd0feacea0, 0x000001dd0fead058]
Event: 5.000 Thread 0x000001dd1f412610 3693       3       java.lang.invoke.MethodType::leadingReferenceParameter (30 bytes)
Event: 5.000 Thread 0x000001dd1f528220 nmethod 3685 0x000001dd088bd610 code [0x000001dd088bd7c0, 0x000001dd088bda88]
Event: 5.000 Thread 0x000001dd1f528220 3694       3       java.lang.invoke.MethodHandle::bindArgumentL (10 bytes)
Event: 5.000 Thread 0x000001dd1f412610 nmethod 3693 0x000001dd088bdb90 code [0x000001dd088bdd60, 0x000001dd088be068]
Event: 5.001 Thread 0x000001dd1f412610 3690       1       sun.nio.ch.NativeSocketAddress::address (5 bytes)
Event: 5.001 Thread 0x000001dd1f511a30 nmethod 3695 0x000001dd088be210 code [0x000001dd088be400, 0x000001dd088be8d8]
Event: 5.001 Thread 0x000001dd1f511a30 3688  s    1       java.net.DatagramPacket::getLength (5 bytes)
Event: 5.001 Thread 0x000001dd1f412610 nmethod 3690 0x000001dd0fead110 code [0x000001dd0fead2a0, 0x000001dd0fead358]
Event: 5.001 Thread 0x000001dd1f523c90 nmethod 3692 0x000001dd088beb10 code [0x000001dd088bed20, 0x000001dd088bf358]
Event: 5.001 Thread 0x000001dd1f412610 3689  s    1       java.net.DatagramPacket::getOffset (5 bytes)
Event: 5.001 Thread 0x000001dd1f523c90 3691       1       org.gradle.cache.internal.locklistener.DefaultFileLockContentionHandler::access$200 (5 bytes)
Event: 5.001 Thread 0x000001dd1f511a30 nmethod 3688 0x000001dd0fead410 code [0x000001dd0fead5a0, 0x000001dd0fead718]
Event: 5.001 Thread 0x000001dd1f528220 nmethod 3694 0x000001dd088bf590 code [0x000001dd088bf7a0, 0x000001dd088bfe28]
Event: 5.001 Thread 0x000001dd1f412610 nmethod 3689 0x000001dd0fead790 code [0x000001dd0fead920, 0x000001dd0feada98]
Event: 5.001 Thread 0x000001dd1f523c90 nmethod 3691 0x000001dd0feadb10 code [0x000001dd0feadca0, 0x000001dd0feadd58]
Event: 5.010 Thread 0x000001dd1f523c90 3696       3       java.lang.Module::allows (60 bytes)
Event: 5.010 Thread 0x000001dd1f412610 3697       3       java.lang.invoke.LambdaForm$DMH/0x00000008011c5c00::invokeStatic (31 bytes)
Event: 5.010 Thread 0x000001dd1f523c90 nmethod 3696 0x000001dd088c0090 code [0x000001dd088c02a0, 0x000001dd088c08e8]
Event: 5.010 Thread 0x000001dd1f412610 nmethod 3697 0x000001dd088c0a10 code [0x000001dd088c0be0, 0x000001dd088c1038]

GC Heap History (10 events):
Event: 0.446 GC heap before
{Heap before GC invocations=0 (full 0):
 garbage-first heap   total 249856K, used 26624K [0x0000000080000000, 0x0000000100000000)
  region size 1024K, 23 young (23552K), 0 survivors (0K)
 Metaspace       used 3167K, committed 3328K, reserved 1114112K
  class space    used 389K, committed 448K, reserved 1048576K
}
Event: 0.450 GC heap after
{Heap after GC invocations=1 (full 0):
 garbage-first heap   total 249856K, used 10269K [0x0000000080000000, 0x0000000100000000)
  region size 1024K, 3 young (3072K), 3 survivors (3072K)
 Metaspace       used 3167K, committed 3328K, reserved 1114112K
  class space    used 389K, committed 448K, reserved 1048576K
}
Event: 0.805 GC heap before
{Heap before GC invocations=1 (full 0):
 garbage-first heap   total 249856K, used 38941K [0x0000000080000000, 0x0000000100000000)
  region size 1024K, 31 young (31744K), 3 survivors (3072K)
 Metaspace       used 4149K, committed 4352K, reserved 1114112K
  class space    used 485K, committed 576K, reserved 1048576K
}
Event: 0.808 GC heap after
{Heap after GC invocations=2 (full 0):
 garbage-first heap   total 249856K, used 11636K [0x0000000080000000, 0x0000000100000000)
  region size 1024K, 2 young (2048K), 2 survivors (2048K)
 Metaspace       used 4149K, committed 4352K, reserved 1114112K
  class space    used 485K, committed 576K, reserved 1048576K
}
Event: 3.847 GC heap before
{Heap before GC invocations=2 (full 0):
 garbage-first heap   total 249856K, used 117108K [0x0000000080000000, 0x0000000100000000)
  region size 1024K, 106 young (108544K), 2 survivors (2048K)
 Metaspace       used 20918K, committed 21504K, reserved 1114112K
  class space    used 2972K, committed 3264K, reserved 1048576K
}
Event: 3.874 GC heap after
{Heap after GC invocations=3 (full 0):
 garbage-first heap   total 249856K, used 22603K [0x0000000080000000, 0x0000000100000000)
  region size 1024K, 12 young (12288K), 12 survivors (12288K)
 Metaspace       used 20918K, committed 21504K, reserved 1114112K
  class space    used 2972K, committed 3264K, reserved 1048576K
}
Event: 4.683 GC heap before
{Heap before GC invocations=4 (full 0):
 garbage-first heap   total 89088K, used 63563K [0x0000000080000000, 0x0000000100000000)
  region size 1024K, 52 young (53248K), 12 survivors (12288K)
 Metaspace       used 25782K, committed 26688K, reserved 1114112K
  class space    used 3761K, committed 4224K, reserved 1048576K
}
Event: 4.691 GC heap after
{Heap after GC invocations=5 (full 0):
 garbage-first heap   total 89088K, used 25048K [0x0000000080000000, 0x0000000100000000)
  region size 1024K, 3 young (3072K), 3 survivors (3072K)
 Metaspace       used 25782K, committed 26688K, reserved 1114112K
  class space    used 3761K, committed 4224K, reserved 1048576K
}
Event: 4.706 GC heap before
{Heap before GC invocations=5 (full 0):
 garbage-first heap   total 89088K, used 26072K [0x0000000080000000, 0x0000000100000000)
  region size 1024K, 4 young (4096K), 3 survivors (3072K)
 Metaspace       used 25880K, committed 26880K, reserved 1114112K
  class space    used 3775K, committed 4288K, reserved 1048576K
}
Event: 4.710 GC heap after
{Heap after GC invocations=6 (full 0):
 garbage-first heap   total 89088K, used 25379K [0x0000000080000000, 0x0000000100000000)
  region size 1024K, 1 young (1024K), 1 survivors (1024K)
 Metaspace       used 25880K, committed 26880K, reserved 1114112K
  class space    used 3775K, committed 4288K, reserved 1048576K
}

Dll operation events (15 events):
Event: 0.005 Loaded shared library C:\Users\JavaJumper\.jdks\corretto-19.0.2\bin\java.dll
Event: 0.011 Loaded shared library C:\Users\JavaJumper\.jdks\corretto-19.0.2\bin\jsvml.dll
Event: 0.045 Loaded shared library C:\Users\JavaJumper\.jdks\corretto-19.0.2\bin\zip.dll
Event: 0.047 Loaded shared library C:\Users\JavaJumper\.jdks\corretto-19.0.2\bin\instrument.dll
Event: 0.049 Loaded shared library C:\Users\JavaJumper\.jdks\corretto-19.0.2\bin\net.dll
Event: 0.051 Loaded shared library C:\Users\JavaJumper\.jdks\corretto-19.0.2\bin\nio.dll
Event: 0.053 Loaded shared library C:\Users\JavaJumper\.jdks\corretto-19.0.2\bin\zip.dll
Event: 0.187 Loaded shared library C:\Users\JavaJumper\.jdks\corretto-19.0.2\bin\jimage.dll
Event: 0.236 Loaded shared library C:\Users\JavaJumper\.jdks\corretto-19.0.2\bin\verify.dll
Event: 0.362 Loaded shared library C:\Users\JavaJumper\.gradle\native\c067742578af261105cb4f569cf0c3c89f3d7b1fecec35dd04571415982c5e48\windows-amd64\native-platform.dll
Event: 0.370 Loaded shared library C:\Users\JavaJumper\.gradle\native\38dada09dfb8b06ba9b0570ebf7e218e3eb74d4ef43ca46872605cf95ebc2f47\windows-amd64\native-platform-file-events.dll
Event: 1.089 Loaded shared library C:\Users\JavaJumper\.jdks\corretto-19.0.2\bin\management.dll
Event: 1.092 Loaded shared library C:\Users\JavaJumper\.jdks\corretto-19.0.2\bin\management_ext.dll
Event: 1.350 Loaded shared library C:\Users\JavaJumper\.jdks\corretto-19.0.2\bin\extnet.dll
Event: 2.310 Loaded shared library C:\Users\JavaJumper\.jdks\corretto-19.0.2\bin\sunmscapi.dll

Deoptimization events (20 events):
Event: 4.699 Thread 0x000001dd1f3f53c0 Uncommon trap: trap_request=0xffffff45 fr.pc=0x000001dd0fe41d20 relative=0x0000000000000180
Event: 4.699 Thread 0x000001dd1f3f53c0 Uncommon trap: reason=unstable_if action=reinterpret pc=0x000001dd0fe41d20 method=java.util.concurrent.locks.ReentrantLock$Sync.lock()V @ 4 c2
Event: 4.699 Thread 0x000001dd1f3f53c0 DEOPT PACKING pc=0x000001dd0fe41d20 sp=0x00000009066fee70
Event: 4.699 Thread 0x000001dd1f3f53c0 DEOPT UNPACKING pc=0x000001dd0f5da5a3 sp=0x00000009066fedd0 mode 2
Event: 4.773 Thread 0x000001dd24f39940 Uncommon trap: trap_request=0xffffffbe fr.pc=0x000001dd0fe95a20 relative=0x0000000000001020
Event: 4.773 Thread 0x000001dd24f39940 Uncommon trap: reason=profile_predicate action=maybe_recompile pc=0x000001dd0fe95a20 method=java.lang.invoke.InvokerBytecodeGenerator.<init>(Ljava/lang/String;Ljava/lang/String;Ljava/lang/invoke/LambdaForm;Ljava/lang/invoke/MethodType;)V @ 33 c2
Event: 4.773 Thread 0x000001dd24f39940 DEOPT PACKING pc=0x000001dd0fe95a20 sp=0x00000009080f92d0
Event: 4.773 Thread 0x000001dd24f39940 DEOPT UNPACKING pc=0x000001dd0f5da5a3 sp=0x00000009080f9280 mode 2
Event: 4.774 Thread 0x000001dd24f39940 Uncommon trap: trap_request=0xffffffbe fr.pc=0x000001dd0fe95a20 relative=0x0000000000001020
Event: 4.774 Thread 0x000001dd24f39940 Uncommon trap: reason=profile_predicate action=maybe_recompile pc=0x000001dd0fe95a20 method=java.lang.invoke.InvokerBytecodeGenerator.<init>(Ljava/lang/String;Ljava/lang/String;Ljava/lang/invoke/LambdaForm;Ljava/lang/invoke/MethodType;)V @ 33 c2
Event: 4.774 Thread 0x000001dd24f39940 DEOPT PACKING pc=0x000001dd0fe95a20 sp=0x00000009080f8ba0
Event: 4.774 Thread 0x000001dd24f39940 DEOPT UNPACKING pc=0x000001dd0f5da5a3 sp=0x00000009080f8b50 mode 2
Event: 4.774 Thread 0x000001dd24f39940 Uncommon trap: trap_request=0xffffffbe fr.pc=0x000001dd0fe95a20 relative=0x0000000000001020
Event: 4.774 Thread 0x000001dd24f39940 Uncommon trap: reason=profile_predicate action=maybe_recompile pc=0x000001dd0fe95a20 method=java.lang.invoke.InvokerBytecodeGenerator.<init>(Ljava/lang/String;Ljava/lang/String;Ljava/lang/invoke/LambdaForm;Ljava/lang/invoke/MethodType;)V @ 33 c2
Event: 4.774 Thread 0x000001dd24f39940 DEOPT PACKING pc=0x000001dd0fe95a20 sp=0x00000009080f9130
Event: 4.774 Thread 0x000001dd24f39940 DEOPT UNPACKING pc=0x000001dd0f5da5a3 sp=0x00000009080f90e0 mode 2
Event: 4.774 Thread 0x000001dd24f39940 Uncommon trap: trap_request=0xffffffbe fr.pc=0x000001dd0fe95a20 relative=0x0000000000001020
Event: 4.774 Thread 0x000001dd24f39940 Uncommon trap: reason=profile_predicate action=maybe_recompile pc=0x000001dd0fe95a20 method=java.lang.invoke.InvokerBytecodeGenerator.<init>(Ljava/lang/String;Ljava/lang/String;Ljava/lang/invoke/LambdaForm;Ljava/lang/invoke/MethodType;)V @ 33 c2
Event: 4.774 Thread 0x000001dd24f39940 DEOPT PACKING pc=0x000001dd0fe95a20 sp=0x00000009080f90d0
Event: 4.774 Thread 0x000001dd24f39940 DEOPT UNPACKING pc=0x000001dd0f5da5a3 sp=0x00000009080f9080 mode 2

Classes loaded (20 events):
Event: 4.463 Loading class sun/reflect/generics/tree/ArrayTypeSignature
Event: 4.463 Loading class sun/reflect/generics/tree/ArrayTypeSignature done
Event: 4.467 Loading class java/lang/SafeVarargs
Event: 4.467 Loading class java/lang/SafeVarargs done
Event: 4.778 Loading class java/lang/invoke/BoundMethodHandle$Species_LLLLLLLLLLLLLLLLLLLLLLLLL
Event: 4.778 Loading class java/lang/invoke/BoundMethodHandle$Species_LLLLLLLLLLLLLLLLLLLLLLLLL done
Event: 4.780 Loading class java/lang/invoke/BoundMethodHandle$Species_LLLLLLLLLLLLLLLLLLLLLLLLLL
Event: 4.780 Loading class java/lang/invoke/BoundMethodHandle$Species_LLLLLLLLLLLLLLLLLLLLLLLLLL done
Event: 4.950 Loading class java/util/regex/Pattern$Pos
Event: 4.950 Loading class java/util/regex/Pattern$Pos done
Event: 4.953 Loading class java/io/StringReader
Event: 4.954 Loading class java/io/StringReader done
Event: 4.967 Loading class java/math/MutableBigInteger
Event: 4.968 Loading class java/math/MutableBigInteger done
Event: 4.990 Loading class java/io/CharArrayWriter
Event: 4.990 Loading class java/io/CharArrayWriter done
Event: 5.000 Loading class java/lang/ThreadLocal$SuppliedThreadLocal
Event: 5.000 Loading class java/lang/ThreadLocal$SuppliedThreadLocal done
Event: 5.003 Loading class java/io/SequenceInputStream
Event: 5.004 Loading class java/io/SequenceInputStream done

Classes unloaded (0 events):
No events

Classes redefined (0 events):
No events

Internal exceptions (20 events):
Event: 4.255 Thread 0x000001dd24f39940 Exception <a 'java/lang/NoSuchMethodError'{0x00000000838cdbf0}: 'java.lang.Object java.lang.invoke.DirectMethodHandle$Holder.newInvokeSpecial(java.lang.Object, java.lang.Object, java.lang.Object, java.lang.Object, java.lang.Object, java.lang.Object, java.lang.Object, java.lang.Object, java.lang.Object, java.lang.Object, java.lang.Object)'> (0x00000000838cdbf0) 
thrown [s\src\hotspot\share\interpreter\linkResolver.cpp, line 774]
Event: 4.272 Thread 0x000001dd24f39940 Exception <a 'java/lang/NoSuchMethodError'{0x00000000837b4498}: 'java.lang.Object java.lang.invoke.DirectMethodHandle$Holder.invokeVirtual(java.lang.Object, java.lang.Object, java.lang.Object, java.lang.Object, java.lang.Object, java.lang.Object, java.lang.Object, java.lang.Object, java.lang.Object, java.lang.Object, java.lang.Object)'> (0x00000000837b4498) 
thrown [s\src\hotspot\share\interpreter\linkResolver.cpp, line 774]
Event: 4.279 Thread 0x000001dd24f39940 Exception <a 'java/lang/NoSuchMethodError'{0x0000000083649c50}: 'java.lang.Object java.lang.invoke.DirectMethodHandle$Holder.invokeStaticInit(java.lang.Object, java.lang.Object, java.lang.Object, java.lang.Object)'> (0x0000000083649c50) 
thrown [s\src\hotspot\share\interpreter\linkResolver.cpp, line 774]
Event: 4.313 Thread 0x000001dd24f39940 Exception <a 'java/lang/NoSuchMethodError'{0x0000000083448fa8}: 'java.lang.Object java.lang.invoke.DirectMethodHandle$Holder.newInvokeSpecial(java.lang.Object, java.lang.Object, java.lang.Object, java.lang.Object, java.lang.Object, java.lang.Object, java.lang.Object, java.lang.Object, java.lang.Object, java.lang.Object, java.lang.Object, java.lang.Object, java.lang.Object, java.lang.Object, java.lang.Object, java.lang.Object, java.lang.Object, java.lang.Object, java.lang.Object, java.lang.Object)'> (0x0000
Event: 4.313 Thread 0x000001dd24f39940 Exception <a 'java/lang/NoSuchMethodError'{0x000000008344ff20}: 'java.lang.Object java.lang.invoke.DirectMethodHandle$Holder.invokeSpecial(java.lang.Object, java.lang.Object, java.lang.Object, java.lang.Object, java.lang.Object, java.lang.Object, java.lang.Object, java.lang.Object, java.lang.Object, java.lang.Object, java.lang.Object, java.lang.Object, java.lang.Object, java.lang.Object, java.lang.Object, java.lang.Object, java.lang.Object, java.lang.Object, java.lang.Object, java.lang.Object, java.lang.Ob
Event: 4.314 Thread 0x000001dd24f39940 Exception <a 'java/lang/NoSuchMethodError'{0x0000000083455c60}: 'java.lang.Object java.lang.invoke.DelegatingMethodHandle$Holder.reinvoke_L(java.lang.Object, java.lang.Object, java.lang.Object, java.lang.Object, java.lang.Object, java.lang.Object, java.lang.Object, java.lang.Object, java.lang.Object, java.lang.Object, java.lang.Object, java.lang.Object, java.lang.Object, java.lang.Object, java.lang.Object, java.lang.Object, java.lang.Object, java.lang.Object, java.lang.Object, java.lang.Object)'> (0x000000
Event: 4.372 Thread 0x000001dd24f39940 Exception <a 'java/lang/NoSuchMethodError'{0x00000000831bfb80}: 'java.lang.Object java.lang.invoke.DirectMethodHandle$Holder.invokeVirtual(java.lang.Object, java.lang.Object, java.lang.Object, java.lang.Object, java.lang.Object, java.lang.Object, java.lang.Object, java.lang.Object, java.lang.Object, java.lang.Object, java.lang.Object, java.lang.Object, java.lang.Object, java.lang.Object, java.lang.Object, java.lang.Object, java.lang.Object, java.lang.Object, java.lang.Object, java.lang.Object, java.lang.Ob
Event: 4.374 Thread 0x000001dd24f39940 Exception <a 'java/lang/NoSuchMethodError'{0x00000000831ccf50}: 'java.lang.Object java.lang.invoke.DelegatingMethodHandle$Holder.reinvoke_L(java.lang.Object, java.lang.Object, java.lang.Object, java.lang.Object, java.lang.Object, java.lang.Object, java.lang.Object, java.lang.Object, java.lang.Object, java.lang.Object, java.lang.Object, java.lang.Object, java.lang.Object, java.lang.Object, java.lang.Object, java.lang.Object, java.lang.Object, java.lang.Object, java.lang.Object, java.lang.Object, java.lang.O
Event: 4.381 Thread 0x000001dd24f39940 Exception <a 'java/lang/NoSuchMethodError'{0x0000000083093ec0}: 'java.lang.Object java.lang.invoke.DirectMethodHandle$Holder.invokeStatic(java.lang.Object, java.lang.Object, java.lang.Object, java.lang.Object, java.lang.Object, java.lang.Object, java.lang.Object, java.lang.Object, java.lang.Object, java.lang.Object, java.lang.Object, java.lang.Object, java.lang.Object, java.lang.Object, java.lang.Object, java.lang.Object, java.lang.Object, java.lang.Object, java.lang.Object, java.lang.Object, java.lang.Obj
Event: 4.383 Thread 0x000001dd24f39940 Exception <a 'java/lang/NoSuchMethodError'{0x00000000830c71d8}: 'java.lang.Object java.lang.invoke.DirectMethodHandle$Holder.invokeStatic(java.lang.Object, java.lang.Object, java.lang.Object, java.lang.Object, java.lang.Object, java.lang.Object, java.lang.Object, java.lang.Object, java.lang.Object, java.lang.Object, java.lang.Object, java.lang.Object, java.lang.Object, java.lang.Object, java.lang.Object, java.lang.Object, java.lang.Object, java.lang.Object, java.lang.Object, java.lang.Object, java.lang.Obj
Event: 4.602 Thread 0x000001dd24f39940 Exception <a 'java/lang/NoSuchMethodError'{0x00000000826f0c40}: 'java.lang.Object java.lang.invoke.DirectMethodHandle$Holder.invokeVirtual(java.lang.Object, java.lang.Object, java.lang.Object, java.lang.Object, java.lang.Object, java.lang.Object, java.lang.Object, java.lang.Object, java.lang.Object, java.lang.Object, java.lang.Object, java.lang.Object, java.lang.Object, java.lang.Object, java.lang.Object)'> (0x00000000826f0c40) 
thrown [s\src\hotspot\share\interpreter\linkResolver.cpp, line 774]
Event: 4.602 Thread 0x000001dd24f39940 Exception <a 'java/lang/NoSuchMethodError'{0x00000000826f6b50}: 'java.lang.Object java.lang.invoke.DirectMethodHandle$Holder.invokeSpecial(java.lang.Object, java.lang.Object, java.lang.Object, java.lang.Object, java.lang.Object, java.lang.Object, java.lang.Object, java.lang.Object, java.lang.Object, java.lang.Object, java.lang.Object, java.lang.Object, java.lang.Object, java.lang.Object, java.lang.Object, java.lang.Object)'> (0x00000000826f6b50) 
thrown [s\src\hotspot\share\interpreter\linkResolver.cpp, li
Event: 4.603 Thread 0x000001dd24f39940 Exception <a 'java/lang/NoSuchMethodError'{0x00000000826fc0b8}: 'java.lang.Object java.lang.invoke.DelegatingMethodHandle$Holder.reinvoke_L(java.lang.Object, java.lang.Object, java.lang.Object, java.lang.Object, java.lang.Object, java.lang.Object, java.lang.Object, java.lang.Object, java.lang.Object, java.lang.Object, java.lang.Object, java.lang.Object, java.lang.Object, java.lang.Object, java.lang.Object)'> (0x00000000826fc0b8) 
thrown [s\src\hotspot\share\interpreter\linkResolver.cpp, line 774]
Event: 4.742 Thread 0x000001dd24f39940 Exception <a 'java/lang/IncompatibleClassChangeError'{0x000000008f1c3710}: Found class java.lang.Object, but interface was expected> (0x000000008f1c3710) 
thrown [s\src\hotspot\share\interpreter\linkResolver.cpp, line 841]
Event: 4.773 Thread 0x000001dd24f39940 Exception <a 'java/lang/NoSuchMethodError'{0x00000000888b93e8}: 'java.lang.Object java.lang.invoke.DirectMethodHandle$Holder.invokeVirtual(java.lang.Object, java.lang.Object, java.lang.Object, java.lang.Object, java.lang.Object, java.lang.Object, java.lang.Object, java.lang.Object, java.lang.Object, java.lang.Object, java.lang.Object, java.lang.Object, java.lang.Object, java.lang.Object, java.lang.Object, java.lang.Object, java.lang.Object, java.lang.Object, java.lang.Object, java.lang.Object, java.lang.Ob
Event: 4.774 Thread 0x000001dd24f39940 Exception <a 'java/lang/NoSuchMethodError'{0x00000000888c6e20}: 'java.lang.Object java.lang.invoke.DelegatingMethodHandle$Holder.reinvoke_L(java.lang.Object, java.lang.Object, java.lang.Object, java.lang.Object, java.lang.Object, java.lang.Object, java.lang.Object, java.lang.Object, java.lang.Object, java.lang.Object, java.lang.Object, java.lang.Object, java.lang.Object, java.lang.Object, java.lang.Object, java.lang.Object, java.lang.Object, java.lang.Object, java.lang.Object, java.lang.Object, java.lang.O
Event: 4.779 Thread 0x000001dd24f39940 Exception <a 'java/lang/NoSuchMethodError'{0x00000000887abc20}: 'java.lang.Object java.lang.invoke.DirectMethodHandle$Holder.invokeStatic(java.lang.Object, java.lang.Object, java.lang.Object, java.lang.Object, java.lang.Object, java.lang.Object, java.lang.Object, java.lang.Object, java.lang.Object, java.lang.Object, java.lang.Object, java.lang.Object, java.lang.Object, java.lang.Object, java.lang.Object, java.lang.Object, java.lang.Object, java.lang.Object, java.lang.Object, java.lang.Object, java.lang.Obj
Event: 4.780 Thread 0x000001dd24f39940 Exception <a 'java/lang/NoSuchMethodError'{0x00000000887e22e0}: 'java.lang.Object java.lang.invoke.DirectMethodHandle$Holder.invokeStatic(java.lang.Object, java.lang.Object, java.lang.Object, java.lang.Object, java.lang.Object, java.lang.Object, java.lang.Object, java.lang.Object, java.lang.Object, java.lang.Object, java.lang.Object, java.lang.Object, java.lang.Object, java.lang.Object, java.lang.Object, java.lang.Object, java.lang.Object, java.lang.Object, java.lang.Object, java.lang.Object, java.lang.Obj
Event: 4.837 Thread 0x000001dd24f39940 Exception <a 'java/lang/NoSuchMethodError'{0x000000008856a908}: 'java.lang.Object java.lang.invoke.DirectMethodHandle$Holder.invokeVirtual(java.lang.Object, java.lang.Object, java.lang.Object, java.lang.Object, java.lang.Object, java.lang.Object, java.lang.Object, java.lang.Object, java.lang.Object, java.lang.Object, java.lang.Object, java.lang.Object, java.lang.Object, java.lang.Object, java.lang.Object, java.lang.Object, java.lang.Object, java.lang.Object, java.lang.Object, java.lang.Object)'> (0x0000000
Event: 4.858 Thread 0x000001dd24f39940 Exception <a 'java/lang/NoSuchMethodError'{0x00000000884b7e88}: 'java.lang.Object java.lang.invoke.DirectMethodHandle$Holder.newInvokeSpecial(java.lang.Object, java.lang.Object, java.lang.Object, java.lang.Object, java.lang.Object, java.lang.Object, java.lang.Object, java.lang.Object, java.lang.Object, java.lang.Object, java.lang.Object, java.lang.Object)'> (0x00000000884b7e88) 
thrown [s\src\hotspot\share\interpreter\linkResolver.cpp, line 774]

VM Operations (20 events):
Event: 3.846 Executing VM operation: CollectForMetadataAllocation
Event: 3.874 Executing VM operation: CollectForMetadataAllocation done
Event: 3.906 Executing VM operation: G1PauseRemark
Event: 3.910 Executing VM operation: G1PauseRemark done
Event: 3.911 Executing VM operation: G1PauseCleanup
Event: 3.920 Executing VM operation: G1PauseCleanup done
Event: 3.968 Executing VM operation: HandshakeAllThreads
Event: 3.969 Executing VM operation: HandshakeAllThreads done
Event: 4.052 Executing VM operation: HandshakeAllThreads
Event: 4.052 Executing VM operation: HandshakeAllThreads done
Event: 4.052 Executing VM operation: HandshakeAllThreads
Event: 4.052 Executing VM operation: HandshakeAllThreads done
Event: 4.461 Executing VM operation: HandshakeAllThreads
Event: 4.461 Executing VM operation: HandshakeAllThreads done
Event: 4.667 Executing VM operation: G1CollectForAllocation
Event: 4.698 Executing VM operation: G1CollectForAllocation done
Event: 4.706 Executing VM operation: G1CollectForAllocation
Event: 4.710 Executing VM operation: G1CollectForAllocation done
Event: 4.728 Executing VM operation: HandshakeAllThreads
Event: 4.728 Executing VM operation: HandshakeAllThreads done

Events (20 events):
Event: 2.317 Thread 0x000001dd24ef1720 Thread added: 0x000001dd24ef1720
Event: 2.340 Thread 0x000001dd24f4e9d0 Thread added: 0x000001dd24f4e9d0
Event: 2.344 Thread 0x000001dd24f50680 Thread added: 0x000001dd24f50680
Event: 2.367 Thread 0x000001dd24f35ea0 Thread added: 0x000001dd24f35ea0
Event: 2.372 Thread 0x000001dd24f39940 Thread added: 0x000001dd24f39940
Event: 2.380 Thread 0x000001dd253fce70 Thread added: 0x000001dd253fce70
Event: 2.382 Thread 0x000001dd253fb930 Thread added: 0x000001dd253fb930
Event: 2.385 Thread 0x000001dd253fbe80 Thread added: 0x000001dd253fbe80
Event: 2.712 Thread 0x000001dd253f9950 Thread added: 0x000001dd253f9950
Event: 2.722 Thread 0x000001dd253fae90 Thread added: 0x000001dd253fae90
Event: 2.843 Thread 0x000001dd253fc3d0 Thread added: 0x000001dd253fc3d0
Event: 3.122 Thread 0x000001dd253f9ea0 Thread added: 0x000001dd253f9ea0
Event: 3.951 Thread 0x000001dd253fa3f0 Thread added: 0x000001dd253fa3f0
Event: 3.979 Thread 0x000001dd253fb3e0 Thread added: 0x000001dd253fb3e0
Event: 4.224 Thread 0x000001dd27d94f30 Thread added: 0x000001dd27d94f30
Event: 4.268 Thread 0x000001dd27d91a10 Thread added: 0x000001dd27d91a10
Event: 4.302 Thread 0x000001dd27d92a00 Thread added: 0x000001dd27d92a00
Event: 4.335 Thread 0x000001dd27d969c0 Thread added: 0x000001dd27d969c0
Event: 4.548 Thread 0x000001dd27d92f50 Thread added: 0x000001dd27d92f50
Event: 4.658 Thread 0x000001dd27d91f60 Thread added: 0x000001dd27d91f60


Dynamic libraries:
0x00007ff77faa0000 - 0x00007ff77faad000 	C:\Users\JavaJumper\.jdks\corretto-19.0.2\bin\java.exe
0x00007ff9109f0000 - 0x00007ff910c07000 	C:\Windows\SYSTEM32\ntdll.dll
0x00007ff90e720000 - 0x00007ff90e7e4000 	C:\Windows\System32\KERNEL32.DLL
0x00007ff90dd10000 - 0x00007ff90e0b7000 	C:\Windows\System32\KERNELBASE.dll
0x00007ff90e0f0000 - 0x00007ff90e201000 	C:\Windows\System32\ucrtbase.dll
0x00007ff8f80c0000 - 0x00007ff8f80d5000 	C:\Users\JavaJumper\.jdks\corretto-19.0.2\bin\VCRUNTIME140.dll
0x00007ff8f8250000 - 0x00007ff8f8267000 	C:\Users\JavaJumper\.jdks\corretto-19.0.2\bin\jli.dll
0x00007ff90f300000 - 0x00007ff90f4ae000 	C:\Windows\System32\USER32.dll
0x00007ff8fb900000 - 0x00007ff8fbb93000 	C:\Windows\WinSxS\amd64_microsoft.windows.common-controls_6595b64144ccf1df_6.0.22621.3527_none_270e469b73872a76\COMCTL32.dll
0x00007ff90e0c0000 - 0x00007ff90e0e6000 	C:\Windows\System32\win32u.dll
0x00007ff9102b0000 - 0x00007ff910357000 	C:\Windows\System32\msvcrt.dll
0x00007ff90f110000 - 0x00007ff90f139000 	C:\Windows\System32\GDI32.dll
0x00007ff90e240000 - 0x00007ff90e359000 	C:\Windows\System32\gdi32full.dll
0x00007ff90e5c0000 - 0x00007ff90e65a000 	C:\Windows\System32\msvcp_win.dll
0x00007ff9103e0000 - 0x00007ff910411000 	C:\Windows\System32\IMM32.DLL
0x00007ff90db90000 - 0x00007ff90dba0000 	C:\ProgramData\WindowsFolderPickerFix\x64.dll
0x00007ff90e8b0000 - 0x00007ff90f10c000 	C:\Windows\System32\SHELL32.dll
0x00007ff90f4b0000 - 0x00007ff90f655000 	C:\Windows\System32\ole32.dll
0x00007ff90ff10000 - 0x00007ff910298000 	C:\Windows\System32\combase.dll
0x00007ff90fbc0000 - 0x00007ff90fcd5000 	C:\Windows\System32\RPCRT4.dll
0x00007ff8d75b0000 - 0x00007ff8d764b000 	C:\Users\JavaJumper\.jdks\corretto-19.0.2\bin\MSVCP140.dll
0x00007ff864db0000 - 0x00007ff865a89000 	C:\Users\JavaJumper\.jdks\corretto-19.0.2\bin\server\jvm.dll
0x00007ff8eb380000 - 0x00007ff8eb389000 	C:\Windows\SYSTEM32\WSOCK32.dll
0x00007ff906910000 - 0x00007ff90691a000 	C:\Windows\SYSTEM32\VERSION.dll
0x00007ff907250000 - 0x00007ff907284000 	C:\Windows\SYSTEM32\WINMM.dll
0x00007ff90f760000 - 0x00007ff90f7d1000 	C:\Windows\System32\WS2_32.dll
0x000001dd7e7e0000 - 0x000001dd7e892000 	C:\Windows\System32\ADVAPI32.dll
0x00007ff910900000 - 0x00007ff9109a8000 	C:\Windows\System32\sechost.dll
0x00007ff90e210000 - 0x00007ff90e238000 	C:\Windows\System32\bcrypt.dll
0x00007ff90cc20000 - 0x00007ff90cc38000 	C:\Windows\SYSTEM32\kernel.appcore.dll
0x00007ff902690000 - 0x00007ff90269a000 	C:\Users\JavaJumper\.jdks\corretto-19.0.2\bin\jimage.dll
0x00007ff90b370000 - 0x00007ff90b5a2000 	C:\Windows\SYSTEM32\DBGHELP.DLL
0x00007ff90fad0000 - 0x00007ff90fba7000 	C:\Windows\System32\OLEAUT32.dll
0x00007ff8c0660000 - 0x00007ff8c0692000 	C:\Windows\SYSTEM32\dbgcore.DLL
0x00007ff90e360000 - 0x00007ff90e3d9000 	C:\Windows\System32\bcryptPrimitives.dll
0x00007ff8f7f50000 - 0x00007ff8f7f5e000 	C:\Users\JavaJumper\.jdks\corretto-19.0.2\bin\instrument.dll
0x00007ff8ee310000 - 0x00007ff8ee336000 	C:\Users\JavaJumper\.jdks\corretto-19.0.2\bin\java.dll
0x00007ff8d6000000 - 0x00007ff8d60d6000 	C:\Users\JavaJumper\.jdks\corretto-19.0.2\bin\jsvml.dll
0x00007ff90bb30000 - 0x00007ff90c426000 	C:\Windows\SYSTEM32\windows.storage.dll
0x00007ff90b9f0000 - 0x00007ff90bb2e000 	C:\Windows\SYSTEM32\wintypes.dll
0x00007ff90fce0000 - 0x00007ff90fdd5000 	C:\Windows\System32\SHCORE.dll
0x00007ff910420000 - 0x00007ff91047e000 	C:\Windows\System32\shlwapi.dll
0x00007ff90dc40000 - 0x00007ff90dc61000 	C:\Windows\SYSTEM32\profapi.dll
0x00007ff8f22c0000 - 0x00007ff8f22d8000 	C:\Users\JavaJumper\.jdks\corretto-19.0.2\bin\zip.dll
0x00007ff8f4d60000 - 0x00007ff8f4d73000 	C:\Users\JavaJumper\.jdks\corretto-19.0.2\bin\net.dll
0x00007ff907a70000 - 0x00007ff907ba6000 	C:\Windows\SYSTEM32\WINHTTP.dll
0x00007ff90d090000 - 0x00007ff90d0f9000 	C:\Windows\system32\mswsock.dll
0x00007ff8f2470000 - 0x00007ff8f2485000 	C:\Users\JavaJumper\.jdks\corretto-19.0.2\bin\nio.dll
0x00007ff8f84f0000 - 0x00007ff8f8500000 	C:\Users\JavaJumper\.jdks\corretto-19.0.2\bin\verify.dll
0x00007ff8e16e0000 - 0x00007ff8e1707000 	C:\Users\JavaJumper\.gradle\native\c067742578af261105cb4f569cf0c3c89f3d7b1fecec35dd04571415982c5e48\windows-amd64\native-platform.dll
0x00007ff8c6a50000 - 0x00007ff8c6b94000 	C:\Users\JavaJumper\.gradle\native\38dada09dfb8b06ba9b0570ebf7e218e3eb74d4ef43ca46872605cf95ebc2f47\windows-amd64\native-platform-file-events.dll
0x00007ff8f5e00000 - 0x00007ff8f5e09000 	C:\Users\JavaJumper\.jdks\corretto-19.0.2\bin\management.dll
0x00007ff8f5df0000 - 0x00007ff8f5dfb000 	C:\Users\JavaJumper\.jdks\corretto-19.0.2\bin\management_ext.dll
0x00007ff90f7e0000 - 0x00007ff90f7e8000 	C:\Windows\System32\PSAPI.DLL
0x00007ff90d310000 - 0x00007ff90d32b000 	C:\Windows\SYSTEM32\CRYPTSP.dll
0x00007ff90cb80000 - 0x00007ff90cbb5000 	C:\Windows\system32\rsaenh.dll
0x00007ff90d170000 - 0x00007ff90d198000 	C:\Windows\SYSTEM32\USERENV.dll
0x00007ff90d330000 - 0x00007ff90d33c000 	C:\Windows\SYSTEM32\CRYPTBASE.dll
0x00007ff90c690000 - 0x00007ff90c6bd000 	C:\Windows\SYSTEM32\IPHLPAPI.DLL
0x00007ff90fbb0000 - 0x00007ff90fbb9000 	C:\Windows\System32\NSI.dll
0x00007ff9076f0000 - 0x00007ff907709000 	C:\Windows\SYSTEM32\dhcpcsvc6.DLL
0x00007ff9076b0000 - 0x00007ff9076cf000 	C:\Windows\SYSTEM32\dhcpcsvc.DLL
0x00007ff90c6c0000 - 0x00007ff90c7b8000 	C:\Windows\SYSTEM32\DNSAPI.dll
0x00007ff8fc770000 - 0x00007ff8fc778000 	C:\Users\JavaJumper\.jdks\corretto-19.0.2\bin\extnet.dll
0x00007ff8f5b00000 - 0x00007ff8f5b0e000 	C:\Users\JavaJumper\.jdks\corretto-19.0.2\bin\sunmscapi.dll
0x00007ff90e3e0000 - 0x00007ff90e548000 	C:\Windows\System32\CRYPT32.dll
0x00007ff90d4f0000 - 0x00007ff90d51e000 	C:\Windows\SYSTEM32\ncrypt.dll
0x00007ff90d4b0000 - 0x00007ff90d4e7000 	C:\Windows\SYSTEM32\NTASN1.dll
0x00007ff8d2700000 - 0x00007ff8d2708000 	C:\Windows\system32\wshunix.dll

dbghelp: loaded successfully - version: 4.0.5 - missing functions: none
symbol engine: initialized successfully - sym options: 0x614 - pdb path: .;C:\Users\JavaJumper\.jdks\corretto-19.0.2\bin;C:\Windows\SYSTEM32;C:\Windows\WinSxS\amd64_microsoft.windows.common-controls_6595b64144ccf1df_6.0.22621.3527_none_270e469b73872a76;C:\ProgramData\WindowsFolderPickerFix;C:\Users\JavaJumper\.jdks\corretto-19.0.2\bin\server;C:\Users\JavaJumper\.gradle\native\c067742578af261105cb4f569cf0c3c89f3d7b1fecec35dd04571415982c5e48\windows-amd64;C:\Users\JavaJumper\.gradle\native\38dada09dfb8b06ba9b0570ebf7e218e3eb74d4ef43ca46872605cf95ebc2f47\windows-amd64

VM Arguments:
jvm_args: --add-opens=java.base/java.util=ALL-UNNAMED --add-opens=java.base/java.lang=ALL-UNNAMED --add-opens=java.base/java.lang.invoke=ALL-UNNAMED --add-opens=java.prefs/java.util.prefs=ALL-UNNAMED --add-opens=java.base/java.nio.charset=ALL-UNNAMED --add-opens=java.base/java.net=ALL-UNNAMED --add-opens=java.base/java.util.concurrent.atomic=ALL-UNNAMED -Xmx2048M -Dfile.encoding=windows-1252 -Duser.country=US -Duser.language=en -Duser.variant -javaagent:C:\Users\JavaJumper\.gradle\wrapper\dists\gradle-8.4-bin\1w5dpkrfk8irigvoxmyhowfim\gradle-8.4\lib\agents\gradle-instrumentation-agent-8.4.jar 
java_command: org.gradle.launcher.daemon.bootstrap.GradleDaemon 8.4
java_class_path (initial): C:\Users\JavaJumper\.gradle\wrapper\dists\gradle-8.4-bin\1w5dpkrfk8irigvoxmyhowfim\gradle-8.4\lib\gradle-launcher-8.4.jar
Launcher Type: SUN_STANDARD

[Global flags]
     intx CICompilerCount                          = 12                                        {product} {ergonomic}
     uint ConcGCThreads                            = 5                                         {product} {ergonomic}
     uint G1ConcRefinementThreads                  = 18                                        {product} {ergonomic}
   size_t G1HeapRegionSize                         = 1048576                                   {product} {ergonomic}
    uintx GCDrainStackTargetSize                   = 64                                        {product} {ergonomic}
   size_t InitialHeapSize                          = 255852544                                 {product} {ergonomic}
   size_t MarkStackSize                            = 4194304                                   {product} {ergonomic}
   size_t MaxHeapSize                              = 2147483648                                {product} {command line}
   size_t MaxNewSize                               = 1287651328                                {product} {ergonomic}
   size_t MinHeapDeltaBytes                        = 1048576                                   {product} {ergonomic}
   size_t MinHeapSize                              = 8388608                                   {product} {ergonomic}
    uintx NonNMethodCodeHeapSize                   = 7602480                                {pd product} {ergonomic}
    uintx NonProfiledCodeHeapSize                  = 122027880                              {pd product} {ergonomic}
    uintx ProfiledCodeHeapSize                     = 122027880                              {pd product} {ergonomic}
    uintx ReservedCodeCacheSize                    = 251658240                              {pd product} {ergonomic}
     bool SegmentedCodeCache                       = true                                      {product} {ergonomic}
   size_t SoftMaxHeapSize                          = 2147483648                             {manageable} {ergonomic}
     bool UseCompressedClassPointers               = true                           {product lp64_product} {ergonomic}
     bool UseCompressedOops                        = true                           {product lp64_product} {ergonomic}
     bool UseG1GC                                  = true                                      {product} {ergonomic}
     bool UseLargePagesIndividualAllocation        = false                                  {pd product} {ergonomic}

Logging:
Log output configuration:
 #0: stdout all=warning uptime,level,tags foldmultilines=false
 #1: stderr all=off uptime,level,tags foldmultilines=false

Environment Variables:
JAVA_HOME=C:\Program Files\Eclipse Adoptium\jdk-17.0.9.9-hotspot
PATH=C:\Program Files (x86)\VMware\VMware Workstation\bin\;C:\Program Files\Microsoft MPI\Bin\;C:\Program Files\Eclipse Adoptium\jdk-17.0.9.9-hotspot\bin;C:\Program Files (x86)\Eclipse Adoptium\jdk-17.0.9.9-hotspot\bin;C:\Python312\Scripts\;C:\Python312\;C:\Windows\system32;C:\Windows;C:\Windows\System32\Wbem;C:\Windows\System32\WindowsPowerShell\v1.0\;C:\Windows\System32\OpenSSH\;C:\Program Files (x86)\NVIDIA Corporation\PhysX\Common;C:\Program Files\dotnet\;C:\Program Files\nodejs\;C:\ProgramData\chocolatey\bin;C:\Program Files\Git\cmd;C:\Program Files\Cloudflare\Cloudflare WARP\;C:\Users\JavaJumper\AppData\Local\Android\Sdk\platform-tools;C:\Program Files (x86)\Windows Kits\10\Windows Performance Toolkit\;C:\Program Files\NVIDIA Corporation\NVIDIA App\NvDLISR;C:\Program Files (x86)\Microsoft SQL Server\160\DTS\Binn\;C:\Users\JavaJumper\AppData\Local\NVIDIA\ChatRTX\env_nvd_rag\Lib\site-packages\torch\lib;C:\Users\JavaJumper\scoop\shims;C:\Users\JavaJumper\AppData\Local\Microsoft\WindowsApps;C:\Users\JavaJumper\AppData\Roaming\npm;C:\Path;C:\Users\JavaJumper\AppData\Local\Programs\Microsoft VS Code\bin;C:\Users\JavaJumper\AppData\Local\GitHubDesktop\bin;C:\Program Files (x86)\Nmap;C:\Users\JavaJumper\.dotnet\tools
USERNAME=JavaJumper
OS=Windows_NT
PROCESSOR_IDENTIFIER=AMD64 Family 25 Model 97 Stepping 2, AuthenticAMD
TMP=C:\Users\JAVAJU~1\AppData\Local\Temp
TEMP=C:\Users\JAVAJU~1\AppData\Local\Temp



---------------  S Y S T E M  ---------------

OS:
 Windows 11 , 64 bit Build 22621 (10.0.22621.3527)
OS uptime: 3 days 14:17 hours
Hyper-V role detected

CPU: total 24 (initial active 24) (24 cores per cpu, 2 threads per core) family 25 model 97 stepping 2 microcode 0x0, cx8, cmov, fxsr, ht, mmx, 3dnowpref, sse, sse2, sse3, ssse3, sse4a, sse4.1, sse4.2, popcnt, lzcnt, tsc, tscinvbit, avx, avx2, aes, erms, clmul, bmi1, bmi2, adx, avx512f, avx512dq, avx512cd, avx512bw, avx512vl, sha, fma, vzeroupper, avx512_vpopcntdq, avx512_vpclmulqdq, avx512_vaes, avx512_vnni, clflush, clflushopt, avx512_vbmi2, avx512_vbmi, hv, rdtscp, rdpid, fsrm, gfni, avx512_bitalg

Memory: 4k page, system-wide physical 15578M (50M free)
TotalPageFile size 62682M (AvailPageFile size 0M)
current process WorkingSet (physical memory assigned to process): 218M, peak: 260M
current process commit charge ("private bytes"): 293M, peak: 454M

vm_info: OpenJDK 64-Bit Server VM (19.0.2+7-FR) for windows-amd64 JRE (19.0.2+7-FR), built on Jan 13 2023 22:53:32 by "Administrator" with MS VC++ 15.9 (VS2017)

END.
